{"C:\\Users\\Mike McConnell\\Documents\\mike_apps\\Scheduler 4\\utils\\parking\\parkingAggregation.ts": {"path":"C:\\Users\\Mike McConnell\\Documents\\mike_apps\\Scheduler 4\\utils\\parking\\parkingAggregation.ts","statementMap":{"0":{"start":{"line":15,"column":2},"end":{"line":25,"column":null}},"1":{"start":{"line":29,"column":2},"end":{"line":29,"column":null}},"2":{"start":{"line":33,"column":2},"end":{"line":33,"column":null}},"3":{"start":{"line":37,"column":29},"end":{"line":37,"column":null}},"4":{"start":{"line":38,"column":2},"end":{"line":38,"column":null}},"5":{"start":{"line":42,"column":2},"end":{"line":42,"column":null}},"6":{"start":{"line":46,"column":18},"end":{"line":46,"column":null}},"7":{"start":{"line":47,"column":2},"end":{"line":47,"column":null}},"8":{"start":{"line":47,"column":21},"end":{"line":47,"column":null}},"9":{"start":{"line":48,"column":2},"end":{"line":48,"column":null}},"10":{"start":{"line":48,"column":21},"end":{"line":48,"column":null}},"11":{"start":{"line":49,"column":2},"end":{"line":49,"column":null}},"12":{"start":{"line":53,"column":15},"end":{"line":56,"column":null}},"13":{"start":{"line":54,"column":19},"end":{"line":54,"column":41}},"14":{"start":{"line":55,"column":16},"end":{"line":55,"column":60}},"15":{"start":{"line":56,"column":29},"end":{"line":56,"column":34}},"16":{"start":{"line":58,"column":12},"end":{"line":58,"column":null}},"17":{"start":{"line":59,"column":16},"end":{"line":59,"column":null}},"18":{"start":{"line":60,"column":32},"end":{"line":60,"column":null}},"19":{"start":{"line":61,"column":2},"end":{"line":69,"column":null}},"20":{"start":{"line":62,"column":4},"end":{"line":66,"column":null}},"21":{"start":{"line":63,"column":6},"end":{"line":63,"column":null}},"22":{"start":{"line":65,"column":6},"end":{"line":65,"column":null}},"23":{"start":{"line":67,"column":4},"end":{"line":67,"column":null}},"24":{"start":{"line":68,"column":4},"end":{"line":68,"column":null}},"25":{"start":{"line":70,"column":2},"end":{"line":70,"column":null}},"26":{"start":{"line":74,"column":17},"end":{"line":74,"column":null}},"27":{"start":{"line":75,"column":2},"end":{"line":80,"column":null}},"28":{"start":{"line":76,"column":16},"end":{"line":76,"column":null}},"29":{"start":{"line":77,"column":18},"end":{"line":77,"column":null}},"30":{"start":{"line":78,"column":4},"end":{"line":78,"column":null}},"31":{"start":{"line":79,"column":4},"end":{"line":79,"column":null}},"32":{"start":{"line":82,"column":2},"end":{"line":97,"column":null}},"33":{"start":{"line":83,"column":40},"end":{"line":83,"column":null}},"34":{"start":{"line":84,"column":53},"end":{"line":95,"column":null}},"35":{"start":{"line":88,"column":51},"end":{"line":88,"column":77}},"36":{"start":{"line":90,"column":53},"end":{"line":90,"column":62}},"37":{"start":{"line":96,"column":4},"end":{"line":96,"column":null}},"38":{"start":{"line":97,"column":20},"end":{"line":97,"column":91}},"39":{"start":{"line":101,"column":16},"end":{"line":101,"column":null}},"40":{"start":{"line":102,"column":2},"end":{"line":108,"column":null}},"41":{"start":{"line":103,"column":16},"end":{"line":103,"column":null}},"42":{"start":{"line":104,"column":20},"end":{"line":104,"column":null}},"43":{"start":{"line":105,"column":4},"end":{"line":105,"column":null}},"44":{"start":{"line":106,"column":4},"end":{"line":106,"column":null}},"45":{"start":{"line":107,"column":4},"end":{"line":107,"column":null}},"46":{"start":{"line":109,"column":17},"end":{"line":109,"column":null}},"47":{"start":{"line":109,"column":52},"end":{"line":109,"column":140}},"48":{"start":{"line":110,"column":15},"end":{"line":110,"column":null}},"49":{"start":{"line":111,"column":2},"end":{"line":111,"column":null}},"50":{"start":{"line":115,"column":21},"end":{"line":115,"column":null}},"51":{"start":{"line":115,"column":49},"end":{"line":115,"column":62}},"52":{"start":{"line":116,"column":27},"end":{"line":116,"column":null}},"53":{"start":{"line":116,"column":46},"end":{"line":116,"column":96}},"54":{"start":{"line":117,"column":15},"end":{"line":117,"column":null}},"55":{"start":{"line":118,"column":30},"end":{"line":118,"column":null}},"56":{"start":{"line":119,"column":29},"end":{"line":121,"column":null}},"57":{"start":{"line":120,"column":4},"end":{"line":120,"column":null}},"58":{"start":{"line":122,"column":22},"end":{"line":122,"column":null}},"59":{"start":{"line":123,"column":2},"end":{"line":123,"column":null}},"60":{"start":{"line":123,"column":26},"end":{"line":123,"column":null}},"61":{"start":{"line":124,"column":35},"end":{"line":124,"column":null}},"62":{"start":{"line":124,"column":77},"end":{"line":124,"column":113}},"63":{"start":{"line":125,"column":21},"end":{"line":125,"column":null}},"64":{"start":{"line":125,"column":53},"end":{"line":125,"column":79}},"65":{"start":{"line":126,"column":35},"end":{"line":126,"column":null}},"66":{"start":{"line":128,"column":2},"end":{"line":128,"column":null}},"67":{"start":{"line":128,"column":23},"end":{"line":128,"column":42}},"68":{"start":{"line":128,"column":45},"end":{"line":128,"column":null}},"69":{"start":{"line":129,"column":2},"end":{"line":129,"column":null}},"70":{"start":{"line":129,"column":51},"end":{"line":129,"column":null}},"71":{"start":{"line":130,"column":2},"end":{"line":130,"column":null}},"72":{"start":{"line":130,"column":52},"end":{"line":130,"column":null}},"73":{"start":{"line":131,"column":2},"end":{"line":131,"column":null}},"74":{"start":{"line":131,"column":50},"end":{"line":131,"column":null}},"75":{"start":{"line":132,"column":2},"end":{"line":132,"column":null}},"76":{"start":{"line":132,"column":43},"end":{"line":132,"column":null}},"77":{"start":{"line":133,"column":2},"end":{"line":133,"column":null}},"78":{"start":{"line":133,"column":56},"end":{"line":133,"column":null}},"79":{"start":{"line":134,"column":2},"end":{"line":134,"column":null}},"80":{"start":{"line":134,"column":30},"end":{"line":134,"column":null}},"81":{"start":{"line":135,"column":2},"end":{"line":135,"column":null}},"82":{"start":{"line":135,"column":36},"end":{"line":135,"column":null}},"83":{"start":{"line":137,"column":27},"end":{"line":137,"column":null}},"84":{"start":{"line":138,"column":2},"end":{"line":138,"column":null}},"85":{"start":{"line":138,"column":26},"end":{"line":138,"column":null}},"86":{"start":{"line":139,"column":21},"end":{"line":139,"column":null}},"87":{"start":{"line":139,"column":68},"end":{"line":139,"column":107}},"88":{"start":{"line":141,"column":2},"end":{"line":157,"column":null}},"89":{"start":{"line":161,"column":17},"end":{"line":161,"column":null}},"90":{"start":{"line":162,"column":2},"end":{"line":167,"column":null}},"91":{"start":{"line":163,"column":16},"end":{"line":163,"column":null}},"92":{"start":{"line":164,"column":18},"end":{"line":164,"column":null}},"93":{"start":{"line":165,"column":4},"end":{"line":165,"column":null}},"94":{"start":{"line":166,"column":4},"end":{"line":166,"column":null}},"95":{"start":{"line":168,"column":2},"end":{"line":173,"column":null}},"96":{"start":{"line":170,"column":29},"end":{"line":170,"column":null}},"97":{"start":{"line":171,"column":6},"end":{"line":171,"column":null}},"98":{"start":{"line":173,"column":20},"end":{"line":173,"column":130}},"99":{"start":{"line":180,"column":2},"end":{"line":183,"column":null}},"100":{"start":{"line":190,"column":17},"end":{"line":190,"column":null}},"101":{"start":{"line":190,"column":47},"end":{"line":190,"column":77}},"102":{"start":{"line":191,"column":28},"end":{"line":191,"column":null}},"103":{"start":{"line":192,"column":2},"end":{"line":214,"column":null}},"104":{"start":{"line":193,"column":16},"end":{"line":193,"column":null}},"105":{"start":{"line":194,"column":21},"end":{"line":194,"column":null}},"106":{"start":{"line":195,"column":26},"end":{"line":195,"column":null}},"107":{"start":{"line":196,"column":24},"end":{"line":196,"column":null}},"108":{"start":{"line":197,"column":26},"end":{"line":201,"column":null}},"109":{"start":{"line":202,"column":21},"end":{"line":204,"column":null}},"110":{"start":{"line":205,"column":17},"end":{"line":211,"column":null}},"111":{"start":{"line":212,"column":4},"end":{"line":212,"column":null}},"112":{"start":{"line":213,"column":4},"end":{"line":213,"column":null}},"113":{"start":{"line":214,"column":20},"end":{"line":214,"column":125}},"114":{"start":{"line":218,"column":2},"end":{"line":224,"column":null}},"115":{"start":{"line":222,"column":45},"end":{"line":222,"column":67}},"116":{"start":{"line":223,"column":52},"end":{"line":223,"column":76}},"117":{"start":{"line":233,"column":23},"end":{"line":233,"column":null}},"118":{"start":{"line":233,"column":50},"end":{"line":233,"column":80}},"119":{"start":{"line":234,"column":30},"end":{"line":234,"column":null}},"120":{"start":{"line":234,"column":79},"end":{"line":234,"column":104}},"121":{"start":{"line":235,"column":24},"end":{"line":236,"column":null}},"122":{"start":{"line":235,"column":54},"end":{"line":235,"column":73}},"123":{"start":{"line":236,"column":20},"end":{"line":236,"column":116}},"124":{"start":{"line":237,"column":19},"end":{"line":237,"column":null}},"125":{"start":{"line":238,"column":2},"end":{"line":244,"column":null}},"126":{"start":{"line":254,"column":8},"end":{"line":254,"column":null}},"127":{"start":{"line":254,"column":69},"end":{"line":254,"column":98}},"128":{"start":{"line":255,"column":2},"end":{"line":255,"column":null}},"129":{"start":{"line":259,"column":2},"end":{"line":259,"column":null}},"130":{"start":{"line":259,"column":51},"end":{"line":259,"column":62}}},"fnMap":{"0":{"name":"mergeParkingSettings","decl":{"start":{"line":14,"column":16},"end":{"line":14,"column":37}},"loc":{"start":{"line":14,"column":104},"end":{"line":26,"column":null}},"line":14},"1":{"name":"money","decl":{"start":{"line":28,"column":9},"end":{"line":28,"column":15}},"loc":{"start":{"line":28,"column":38},"end":{"line":30,"column":null}},"line":28},"2":{"name":"uniqueCount","decl":{"start":{"line":32,"column":9},"end":{"line":32,"column":21}},"loc":{"start":{"line":32,"column":55},"end":{"line":34,"column":null}},"line":32},"3":{"name":"dateToUtcDay","decl":{"start":{"line":36,"column":9},"end":{"line":36,"column":22}},"loc":{"start":{"line":36,"column":44},"end":{"line":39,"column":null}},"line":36},"4":{"name":"isWeekday","decl":{"start":{"line":41,"column":9},"end":{"line":41,"column":19}},"loc":{"start":{"line":41,"column":45},"end":{"line":43,"column":null}},"line":41},"5":{"name":"nextWorkdayUtcDay","decl":{"start":{"line":45,"column":9},"end":{"line":45,"column":27}},"loc":{"start":{"line":45,"column":48},"end":{"line":50,"column":null}},"line":45},"6":{"name":"maxConsecutiveWeekdays","decl":{"start":{"line":52,"column":9},"end":{"line":52,"column":32}},"loc":{"start":{"line":52,"column":63},"end":{"line":71,"column":null}},"line":52},"7":{"name":"(anonymous_7)","decl":{"start":{"line":54,"column":12},"end":{"line":54,"column":19}},"loc":{"start":{"line":54,"column":19},"end":{"line":54,"column":41}},"line":54},"8":{"name":"(anonymous_8)","decl":{"start":{"line":55,"column":9},"end":{"line":55,"column":16}},"loc":{"start":{"line":55,"column":16},"end":{"line":55,"column":60}},"line":55},"9":{"name":"(anonymous_9)","decl":{"start":{"line":56,"column":19},"end":{"line":56,"column":20}},"loc":{"start":{"line":56,"column":29},"end":{"line":56,"column":34}},"line":56},"10":{"name":"summarizeDepartmentRows","decl":{"start":{"line":73,"column":9},"end":{"line":73,"column":33}},"loc":{"start":{"line":73,"column":91},"end":{"line":98,"column":null}},"line":73},"11":{"name":"(anonymous_11)","decl":{"start":{"line":82,"column":35},"end":{"line":82,"column":36}},"loc":{"start":{"line":82,"column":53},"end":{"line":97,"column":3}},"line":82},"12":{"name":"(anonymous_12)","decl":{"start":{"line":88,"column":37},"end":{"line":88,"column":38}},"loc":{"start":{"line":88,"column":51},"end":{"line":88,"column":77}},"line":88},"13":{"name":"(anonymous_13)","decl":{"start":{"line":90,"column":46},"end":{"line":90,"column":53}},"loc":{"start":{"line":90,"column":53},"end":{"line":90,"column":62}},"line":90},"14":{"name":"(anonymous_14)","decl":{"start":{"line":97,"column":10},"end":{"line":97,"column":11}},"loc":{"start":{"line":97,"column":20},"end":{"line":97,"column":91}},"line":97},"15":{"name":"topSpot","decl":{"start":{"line":100,"column":9},"end":{"line":100,"column":17}},"loc":{"start":{"line":100,"column":96},"end":{"line":112,"column":null}},"line":100},"16":{"name":"(anonymous_16)","decl":{"start":{"line":109,"column":42},"end":{"line":109,"column":43}},"loc":{"start":{"line":109,"column":52},"end":{"line":109,"column":140}},"line":109},"17":{"name":"buildPlatePattern","decl":{"start":{"line":114,"column":9},"end":{"line":114,"column":27}},"loc":{"start":{"line":114,"column":133},"end":{"line":158,"column":null}},"line":114},"18":{"name":"(anonymous_18)","decl":{"start":{"line":115,"column":42},"end":{"line":115,"column":49}},"loc":{"start":{"line":115,"column":49},"end":{"line":115,"column":62}},"line":115},"19":{"name":"(anonymous_19)","decl":{"start":{"line":116,"column":39},"end":{"line":116,"column":46}},"loc":{"start":{"line":116,"column":46},"end":{"line":116,"column":96}},"line":116},"20":{"name":"(anonymous_20)","decl":{"start":{"line":119,"column":41},"end":{"line":119,"column":null}},"loc":{"start":{"line":120,"column":4},"end":{"line":120,"column":null}},"line":120},"21":{"name":"(anonymous_21)","decl":{"start":{"line":124,"column":68},"end":{"line":124,"column":77}},"loc":{"start":{"line":124,"column":77},"end":{"line":124,"column":113}},"line":124},"22":{"name":"(anonymous_22)","decl":{"start":{"line":125,"column":39},"end":{"line":125,"column":40}},"loc":{"start":{"line":125,"column":53},"end":{"line":125,"column":79}},"line":125},"23":{"name":"(anonymous_23)","decl":{"start":{"line":128,"column":16},"end":{"line":128,"column":23}},"loc":{"start":{"line":128,"column":23},"end":{"line":128,"column":42}},"line":128},"24":{"name":"(anonymous_24)","decl":{"start":{"line":139,"column":58},"end":{"line":139,"column":59}},"loc":{"start":{"line":139,"column":68},"end":{"line":139,"column":107}},"line":139},"25":{"name":"summarizePlateRows","decl":{"start":{"line":160,"column":9},"end":{"line":160,"column":28}},"loc":{"start":{"line":160,"column":106},"end":{"line":174,"column":null}},"line":160},"26":{"name":"(anonymous_26)","decl":{"start":{"line":169,"column":9},"end":{"line":169,"column":10}},"loc":{"start":{"line":169,"column":27},"end":{"line":172,"column":5}},"line":169},"27":{"name":"(anonymous_27)","decl":{"start":{"line":173,"column":10},"end":{"line":173,"column":11}},"loc":{"start":{"line":173,"column":20},"end":{"line":173,"column":130}},"line":173},"28":{"name":"buildParkingMonthAnalysis","decl":{"start":{"line":176,"column":16},"end":{"line":176,"column":42}},"loc":{"start":{"line":179,"column":2},"end":{"line":184,"column":null}},"line":179},"29":{"name":"withMonthOverMonth","decl":{"start":{"line":186,"column":9},"end":{"line":186,"column":null}},"loc":{"start":{"line":189,"column":37},"end":{"line":215,"column":null}},"line":189},"30":{"name":"(anonymous_30)","decl":{"start":{"line":190,"column":37},"end":{"line":190,"column":38}},"loc":{"start":{"line":190,"column":47},"end":{"line":190,"column":77}},"line":190},"31":{"name":"(anonymous_31)","decl":{"start":{"line":192,"column":20},"end":{"line":192,"column":31}},"loc":{"start":{"line":192,"column":31},"end":{"line":214,"column":3}},"line":192},"32":{"name":"(anonymous_32)","decl":{"start":{"line":214,"column":10},"end":{"line":214,"column":11}},"loc":{"start":{"line":214,"column":20},"end":{"line":214,"column":125}},"line":214},"33":{"name":"buildMetadata","decl":{"start":{"line":217,"column":9},"end":{"line":217,"column":23}},"loc":{"start":{"line":217,"column":104},"end":{"line":225,"column":null}},"line":217},"34":{"name":"(anonymous_34)","decl":{"start":{"line":222,"column":29},"end":{"line":222,"column":30}},"loc":{"start":{"line":222,"column":45},"end":{"line":222,"column":67}},"line":222},"35":{"name":"(anonymous_35)","decl":{"start":{"line":223,"column":36},"end":{"line":223,"column":37}},"loc":{"start":{"line":223,"column":52},"end":{"line":223,"column":76}},"line":223},"36":{"name":"buildParkingSummary","decl":{"start":{"line":227,"column":16},"end":{"line":227,"column":null}},"loc":{"start":{"line":232,"column":18},"end":{"line":245,"column":null}},"line":232},"37":{"name":"(anonymous_37)","decl":{"start":{"line":233,"column":40},"end":{"line":233,"column":41}},"loc":{"start":{"line":233,"column":50},"end":{"line":233,"column":80}},"line":233},"38":{"name":"(anonymous_38)","decl":{"start":{"line":234,"column":70},"end":{"line":234,"column":79}},"loc":{"start":{"line":234,"column":79},"end":{"line":234,"column":104}},"line":234},"39":{"name":"(anonymous_39)","decl":{"start":{"line":235,"column":45},"end":{"line":235,"column":54}},"loc":{"start":{"line":235,"column":54},"end":{"line":235,"column":73}},"line":235},"40":{"name":"(anonymous_40)","decl":{"start":{"line":236,"column":10},"end":{"line":236,"column":11}},"loc":{"start":{"line":236,"column":20},"end":{"line":236,"column":116}},"line":236},"41":{"name":"buildParkingReplacementSummary","decl":{"start":{"line":247,"column":16},"end":{"line":247,"column":null}},"loc":{"start":{"line":253,"column":18},"end":{"line":256,"column":null}},"line":253},"42":{"name":"(anonymous_42)","decl":{"start":{"line":254,"column":60},"end":{"line":254,"column":69}},"loc":{"start":{"line":254,"column":69},"end":{"line":254,"column":98}},"line":254},"43":{"name":"getLatestParkingMonth","decl":{"start":{"line":258,"column":16},"end":{"line":258,"column":38}},"loc":{"start":{"line":258,"column":97},"end":{"line":260,"column":null}},"line":258},"44":{"name":"(anonymous_44)","decl":{"start":{"line":259,"column":42},"end":{"line":259,"column":51}},"loc":{"start":{"line":259,"column":51},"end":{"line":259,"column":62}},"line":259}},"branchMap":{"0":{"loc":{"start":{"line":16,"column":18},"end":{"line":16,"column":null}},"type":"binary-expr","locations":[{"start":{"line":16,"column":18},"end":{"line":16,"column":43}},{"start":{"line":16,"column":43},"end":{"line":16,"column":null}}],"line":16},"1":{"loc":{"start":{"line":17,"column":19},"end":{"line":17,"column":null}},"type":"binary-expr","locations":[{"start":{"line":17,"column":19},"end":{"line":17,"column":45}},{"start":{"line":17,"column":45},"end":{"line":17,"column":null}}],"line":17},"2":{"loc":{"start":{"line":20,"column":10},"end":{"line":20,"column":null}},"type":"binary-expr","locations":[{"start":{"line":20,"column":10},"end":{"line":20,"column":28}},{"start":{"line":20,"column":28},"end":{"line":20,"column":null}}],"line":20},"3":{"loc":{"start":{"line":21,"column":10},"end":{"line":21,"column":null}},"type":"binary-expr","locations":[{"start":{"line":21,"column":10},"end":{"line":21,"column":32}},{"start":{"line":21,"column":32},"end":{"line":21,"column":null}}],"line":21},"4":{"loc":{"start":{"line":23,"column":15},"end":{"line":23,"column":null}},"type":"binary-expr","locations":[{"start":{"line":23,"column":15},"end":{"line":23,"column":37}},{"start":{"line":23,"column":37},"end":{"line":23,"column":null}}],"line":23},"5":{"loc":{"start":{"line":24,"column":15},"end":{"line":24,"column":null}},"type":"binary-expr","locations":[{"start":{"line":24,"column":15},"end":{"line":24,"column":37}},{"start":{"line":24,"column":37},"end":{"line":24,"column":null}}],"line":24},"6":{"loc":{"start":{"line":42,"column":9},"end":{"line":42,"column":null}},"type":"binary-expr","locations":[{"start":{"line":42,"column":9},"end":{"line":42,"column":25}},{"start":{"line":42,"column":25},"end":{"line":42,"column":null}}],"line":42},"7":{"loc":{"start":{"line":47,"column":2},"end":{"line":47,"column":null}},"type":"if","locations":[{"start":{"line":47,"column":2},"end":{"line":47,"column":null}},{"start":{},"end":{}}],"line":47},"8":{"loc":{"start":{"line":48,"column":2},"end":{"line":48,"column":null}},"type":"if","locations":[{"start":{"line":48,"column":2},"end":{"line":48,"column":null}},{"start":{},"end":{}}],"line":48},"9":{"loc":{"start":{"line":62,"column":4},"end":{"line":66,"column":null}},"type":"if","locations":[{"start":{"line":62,"column":4},"end":{"line":66,"column":null}},{"start":{"line":64,"column":11},"end":{"line":66,"column":null}}],"line":62},"10":{"loc":{"start":{"line":62,"column":8},"end":{"line":62,"column":65}},"type":"binary-expr","locations":[{"start":{"line":62,"column":8},"end":{"line":62,"column":28}},{"start":{"line":62,"column":28},"end":{"line":62,"column":65}}],"line":62},"11":{"loc":{"start":{"line":76,"column":19},"end":{"line":76,"column":47}},"type":"binary-expr","locations":[{"start":{"line":76,"column":19},"end":{"line":76,"column":37}},{"start":{"line":76,"column":37},"end":{"line":76,"column":47}}],"line":76},"12":{"loc":{"start":{"line":77,"column":18},"end":{"line":77,"column":null}},"type":"binary-expr","locations":[{"start":{"line":77,"column":18},"end":{"line":77,"column":37}},{"start":{"line":77,"column":37},"end":{"line":77,"column":null}}],"line":77},"13":{"loc":{"start":{"line":85,"column":13},"end":{"line":85,"column":null}},"type":"binary-expr","locations":[{"start":{"line":85,"column":13},"end":{"line":85,"column":37}},{"start":{"line":85,"column":37},"end":{"line":85,"column":null}}],"line":85},"14":{"loc":{"start":{"line":97,"column":20},"end":{"line":97,"column":91}},"type":"binary-expr","locations":[{"start":{"line":97,"column":20},"end":{"line":97,"column":51}},{"start":{"line":97,"column":51},"end":{"line":97,"column":91}}],"line":97},"15":{"loc":{"start":{"line":103,"column":16},"end":{"line":103,"column":null}},"type":"binary-expr","locations":[{"start":{"line":103,"column":16},"end":{"line":103,"column":30}},{"start":{"line":103,"column":30},"end":{"line":103,"column":null}}],"line":103},"16":{"loc":{"start":{"line":104,"column":20},"end":{"line":104,"column":null}},"type":"binary-expr","locations":[{"start":{"line":104,"column":20},"end":{"line":104,"column":38}},{"start":{"line":104,"column":38},"end":{"line":104,"column":null}}],"line":104},"17":{"loc":{"start":{"line":104,"column":67},"end":{"line":104,"column":92}},"type":"binary-expr","locations":[{"start":{"line":104,"column":67},"end":{"line":104,"column":87}},{"start":{"line":104,"column":87},"end":{"line":104,"column":92}}],"line":104},"18":{"loc":{"start":{"line":109,"column":52},"end":{"line":109,"column":140}},"type":"binary-expr","locations":[{"start":{"line":109,"column":52},"end":{"line":109,"column":81}},{"start":{"line":109,"column":81},"end":{"line":109,"column":108}},{"start":{"line":109,"column":108},"end":{"line":109,"column":140}}],"line":109},"19":{"loc":{"start":{"line":111,"column":19},"end":{"line":111,"column":39}},"type":"binary-expr","locations":[{"start":{"line":111,"column":19},"end":{"line":111,"column":35}},{"start":{"line":111,"column":35},"end":{"line":111,"column":39}}],"line":111},"20":{"loc":{"start":{"line":111,"column":53},"end":{"line":111,"column":79}},"type":"binary-expr","locations":[{"start":{"line":111,"column":53},"end":{"line":111,"column":75}},{"start":{"line":111,"column":75},"end":{"line":111,"column":79}}],"line":111},"21":{"loc":{"start":{"line":111,"column":85},"end":{"line":111,"column":106}},"type":"binary-expr","locations":[{"start":{"line":111,"column":85},"end":{"line":111,"column":104}},{"start":{"line":111,"column":104},"end":{"line":111,"column":106}}],"line":111},"22":{"loc":{"start":{"line":120,"column":4},"end":{"line":120,"column":null}},"type":"binary-expr","locations":[{"start":{"line":120,"column":4},"end":{"line":120,"column":21}},{"start":{"line":120,"column":21},"end":{"line":120,"column":71}},{"start":{"line":120,"column":71},"end":{"line":120,"column":null}}],"line":120},"23":{"loc":{"start":{"line":123,"column":58},"end":{"line":123,"column":97}},"type":"binary-expr","locations":[{"start":{"line":123,"column":58},"end":{"line":123,"column":92}},{"start":{"line":123,"column":92},"end":{"line":123,"column":97}}],"line":123},"24":{"loc":{"start":{"line":128,"column":2},"end":{"line":128,"column":null}},"type":"if","locations":[{"start":{"line":128,"column":2},"end":{"line":128,"column":null}},{"start":{},"end":{}}],"line":128},"25":{"loc":{"start":{"line":129,"column":2},"end":{"line":129,"column":null}},"type":"if","locations":[{"start":{"line":129,"column":2},"end":{"line":129,"column":null}},{"start":{},"end":{}}],"line":129},"26":{"loc":{"start":{"line":130,"column":2},"end":{"line":130,"column":null}},"type":"if","locations":[{"start":{"line":130,"column":2},"end":{"line":130,"column":null}},{"start":{},"end":{}}],"line":130},"27":{"loc":{"start":{"line":131,"column":2},"end":{"line":131,"column":null}},"type":"if","locations":[{"start":{"line":131,"column":2},"end":{"line":131,"column":null}},{"start":{},"end":{}}],"line":131},"28":{"loc":{"start":{"line":132,"column":2},"end":{"line":132,"column":null}},"type":"if","locations":[{"start":{"line":132,"column":2},"end":{"line":132,"column":null}},{"start":{},"end":{}}],"line":132},"29":{"loc":{"start":{"line":133,"column":2},"end":{"line":133,"column":null}},"type":"if","locations":[{"start":{"line":133,"column":2},"end":{"line":133,"column":null}},{"start":{},"end":{}}],"line":133},"30":{"loc":{"start":{"line":134,"column":2},"end":{"line":134,"column":null}},"type":"if","locations":[{"start":{"line":134,"column":2},"end":{"line":134,"column":null}},{"start":{},"end":{}}],"line":134},"31":{"loc":{"start":{"line":135,"column":2},"end":{"line":135,"column":null}},"type":"if","locations":[{"start":{"line":135,"column":2},"end":{"line":135,"column":null}},{"start":{},"end":{}}],"line":135},"32":{"loc":{"start":{"line":138,"column":47},"end":{"line":138,"column":78}},"type":"binary-expr","locations":[{"start":{"line":138,"column":47},"end":{"line":138,"column":65}},{"start":{"line":138,"column":65},"end":{"line":138,"column":78}}],"line":138},"33":{"loc":{"start":{"line":138,"column":78},"end":{"line":138,"column":137}},"type":"binary-expr","locations":[{"start":{"line":138,"column":78},"end":{"line":138,"column":132}},{"start":{"line":138,"column":132},"end":{"line":138,"column":137}}],"line":138},"34":{"loc":{"start":{"line":138,"column":99},"end":{"line":138,"column":127}},"type":"binary-expr","locations":[{"start":{"line":138,"column":99},"end":{"line":138,"column":117}},{"start":{"line":138,"column":117},"end":{"line":138,"column":127}}],"line":138},"35":{"loc":{"start":{"line":139,"column":21},"end":{"line":139,"column":null}},"type":"binary-expr","locations":[{"start":{"line":139,"column":21},"end":{"line":139,"column":120}},{"start":{"line":139,"column":120},"end":{"line":139,"column":null}}],"line":139},"36":{"loc":{"start":{"line":139,"column":68},"end":{"line":139,"column":107}},"type":"binary-expr","locations":[{"start":{"line":139,"column":68},"end":{"line":139,"column":83}},{"start":{"line":139,"column":83},"end":{"line":139,"column":107}}],"line":139},"37":{"loc":{"start":{"line":144,"column":18},"end":{"line":144,"column":null}},"type":"binary-expr","locations":[{"start":{"line":144,"column":18},"end":{"line":144,"column":27}},{"start":{"line":144,"column":27},"end":{"line":144,"column":null}}],"line":144},"38":{"loc":{"start":{"line":163,"column":37},"end":{"line":163,"column":61}},"type":"binary-expr","locations":[{"start":{"line":163,"column":37},"end":{"line":163,"column":50}},{"start":{"line":163,"column":50},"end":{"line":163,"column":61}}],"line":163},"39":{"loc":{"start":{"line":164,"column":18},"end":{"line":164,"column":null}},"type":"binary-expr","locations":[{"start":{"line":164,"column":18},"end":{"line":164,"column":37}},{"start":{"line":164,"column":37},"end":{"line":164,"column":null}}],"line":164},"40":{"loc":{"start":{"line":171,"column":38},"end":{"line":171,"column":74}},"type":"cond-expr","locations":[{"start":{"line":171,"column":62},"end":{"line":171,"column":67}},{"start":{"line":171,"column":67},"end":{"line":171,"column":74}}],"line":171},"41":{"loc":{"start":{"line":173,"column":20},"end":{"line":173,"column":130}},"type":"binary-expr","locations":[{"start":{"line":173,"column":20},"end":{"line":173,"column":55}},{"start":{"line":173,"column":55},"end":{"line":173,"column":86}},{"start":{"line":173,"column":86},"end":{"line":173,"column":130}}],"line":173},"42":{"loc":{"start":{"line":195,"column":26},"end":{"line":195,"column":null}},"type":"binary-expr","locations":[{"start":{"line":195,"column":26},"end":{"line":195,"column":50}},{"start":{"line":195,"column":50},"end":{"line":195,"column":null}}],"line":195},"43":{"loc":{"start":{"line":196,"column":24},"end":{"line":196,"column":null}},"type":"cond-expr","locations":[{"start":{"line":196,"column":48},"end":{"line":196,"column":55}},{"start":{"line":196,"column":55},"end":{"line":196,"column":null}}],"line":196},"44":{"loc":{"start":{"line":197,"column":26},"end":{"line":201,"column":null}},"type":"cond-expr","locations":[{"start":{"line":198,"column":8},"end":{"line":198,"column":null}},{"start":{"line":199,"column":8},"end":{"line":201,"column":null}}],"line":197},"45":{"loc":{"start":{"line":199,"column":8},"end":{"line":201,"column":null}},"type":"cond-expr","locations":[{"start":{"line":200,"column":11},"end":{"line":200,"column":null}},{"start":{"line":201,"column":10},"end":{"line":201,"column":null}}],"line":199},"46":{"loc":{"start":{"line":200,"column":11},"end":{"line":200,"column":null}},"type":"cond-expr","locations":[{"start":{"line":200,"column":36},"end":{"line":200,"column":43}},{"start":{"line":200,"column":43},"end":{"line":200,"column":null}}],"line":200},"47":{"loc":{"start":{"line":202,"column":21},"end":{"line":204,"column":null}},"type":"cond-expr","locations":[{"start":{"line":203,"column":8},"end":{"line":203,"column":null}},{"start":{"line":204,"column":8},"end":{"line":204,"column":null}}],"line":202},"48":{"loc":{"start":{"line":204,"column":8},"end":{"line":204,"column":null}},"type":"binary-expr","locations":[{"start":{"line":204,"column":8},"end":{"line":204,"column":33}},{"start":{"line":204,"column":33},"end":{"line":204,"column":null}}],"line":204},"49":{"loc":{"start":{"line":210,"column":19},"end":{"line":210,"column":null}},"type":"binary-expr","locations":[{"start":{"line":210,"column":19},"end":{"line":210,"column":80}},{"start":{"line":210,"column":80},"end":{"line":210,"column":null}}],"line":210},"50":{"loc":{"start":{"line":214,"column":20},"end":{"line":214,"column":125}},"type":"binary-expr","locations":[{"start":{"line":214,"column":20},"end":{"line":214,"column":54}},{"start":{"line":214,"column":54},"end":{"line":214,"column":85}},{"start":{"line":214,"column":85},"end":{"line":214,"column":125}}],"line":214},"51":{"loc":{"start":{"line":231,"column":2},"end":{"line":231,"column":null}},"type":"default-arg","locations":[{"start":{"line":231,"column":35},"end":{"line":231,"column":null}}],"line":231},"52":{"loc":{"start":{"line":236,"column":20},"end":{"line":236,"column":116}},"type":"binary-expr","locations":[{"start":{"line":236,"column":20},"end":{"line":236,"column":54}},{"start":{"line":236,"column":54},"end":{"line":236,"column":89}},{"start":{"line":236,"column":89},"end":{"line":236,"column":116}}],"line":236},"53":{"loc":{"start":{"line":243,"column":33},"end":{"line":243,"column":69}},"type":"cond-expr","locations":[{"start":{"line":243,"column":47},"end":{"line":243,"column":65}},{"start":{"line":243,"column":65},"end":{"line":243,"column":69}}],"line":243},"54":{"loc":{"start":{"line":252,"column":2},"end":{"line":252,"column":null}},"type":"default-arg","locations":[{"start":{"line":252,"column":35},"end":{"line":252,"column":null}}],"line":252},"55":{"loc":{"start":{"line":254,"column":22},"end":{"line":254,"column":53}},"type":"binary-expr","locations":[{"start":{"line":254,"column":22},"end":{"line":254,"column":49}},{"start":{"line":254,"column":49},"end":{"line":254,"column":53}}],"line":254},"56":{"loc":{"start":{"line":259,"column":9},"end":{"line":259,"column":null}},"type":"binary-expr","locations":[{"start":{"line":259,"column":9},"end":{"line":259,"column":81}},{"start":{"line":259,"column":81},"end":{"line":259,"column":null}}],"line":259},"57":{"loc":{"start":{"line":259,"column":14},"end":{"line":259,"column":36}},"type":"binary-expr","locations":[{"start":{"line":259,"column":14},"end":{"line":259,"column":33}},{"start":{"line":259,"column":33},"end":{"line":259,"column":36}}],"line":259}},"s":{"0":25,"1":111,"2":85,"3":85,"4":85,"5":85,"6":41,"7":41,"8":0,"9":41,"10":0,"11":41,"12":44,"13":85,"14":85,"15":41,"16":44,"17":44,"18":44,"19":44,"20":85,"21":84,"22":1,"23":85,"24":85,"25":44,"26":20,"27":20,"28":85,"29":85,"30":85,"31":85,"32":20,"33":41,"34":41,"35":85,"36":85,"37":41,"38":21,"39":44,"40":44,"41":85,"42":85,"43":85,"44":85,"45":85,"46":44,"47":0,"48":44,"49":44,"50":44,"51":85,"52":44,"53":85,"54":44,"55":44,"56":44,"57":85,"58":44,"59":44,"60":85,"61":44,"62":85,"63":44,"64":85,"65":44,"66":44,"67":85,"68":1,"69":44,"70":0,"71":44,"72":15,"73":44,"74":16,"75":44,"76":0,"77":44,"78":16,"79":44,"80":20,"81":44,"82":0,"83":44,"84":44,"85":85,"86":44,"87":0,"88":44,"89":20,"90":20,"91":85,"92":85,"93":85,"94":85,"95":20,"96":44,"97":44,"98":26,"99":20,"100":14,"101":20,"102":14,"103":14,"104":34,"105":34,"106":34,"107":34,"108":34,"109":34,"110":34,"111":34,"112":34,"113":23,"114":14,"115":17,"116":17,"117":14,"118":3,"119":14,"120":17,"121":14,"122":17,"123":30,"124":14,"125":14,"126":13,"127":3,"128":13,"129":2,"130":1},"f":{"0":25,"1":111,"2":85,"3":85,"4":85,"5":41,"6":44,"7":85,"8":85,"9":41,"10":20,"11":41,"12":85,"13":85,"14":21,"15":44,"16":0,"17":44,"18":85,"19":85,"20":85,"21":85,"22":85,"23":85,"24":0,"25":20,"26":44,"27":26,"28":20,"29":14,"30":20,"31":34,"32":23,"33":14,"34":17,"35":17,"36":14,"37":3,"38":17,"39":17,"40":30,"41":13,"42":3,"43":2,"44":1},"b":{"0":[25,0],"1":[25,0],"2":[25,0],"3":[25,0],"4":[25,24],"5":[25,24],"6":[85,85],"7":[0,41],"8":[0,41],"9":[84,1],"10":[85,41],"11":[85,4],"12":[85,41],"13":[41,0],"14":[21,0],"15":[85,0],"16":[85,44],"17":[44,0],"18":[0,0,0],"19":[44,0],"20":[44,0],"21":[44,0],"22":[85,85,85],"23":[85,85],"24":[1,43],"25":[0,44],"26":[15,29],"27":[16,28],"28":[0,44],"29":[16,28],"30":[20,24],"31":[0,44],"32":[85,4],"33":[85,44],"34":[85,4],"35":[44,0],"36":[0,0],"37":[44,1],"38":[85,1],"39":[85,44],"40":[1,43],"41":[26,2,0],"42":[34,28],"43":[28,6],"44":[28,6],"45":[0,6],"46":[0,0],"47":[0,34],"48":[34,6],"49":[34,30],"50":[23,17,10],"51":[14],"52":[30,26,4],"53":[14,0],"54":[13],"55":[13,10],"56":[2,1],"57":[2,1]},"meta":{"lastBranch":58,"lastFunction":45,"lastStatement":131,"seen":{"f:14:16:14:37":0,"s:15:2:25:Infinity":0,"b:16:18:16:43:16:43:16:Infinity":0,"b:17:19:17:45:17:45:17:Infinity":1,"b:20:10:20:28:20:28:20:Infinity":2,"b:21:10:21:32:21:32:21:Infinity":3,"b:23:15:23:37:23:37:23:Infinity":4,"b:24:15:24:37:24:37:24:Infinity":5,"f:28:9:28:15":1,"s:29:2:29:Infinity":1,"f:32:9:32:21":2,"s:33:2:33:Infinity":2,"f:36:9:36:22":3,"s:37:29:37:Infinity":3,"s:38:2:38:Infinity":4,"f:41:9:41:19":4,"s:42:2:42:Infinity":5,"b:42:9:42:25:42:25:42:Infinity":6,"f:45:9:45:27":5,"s:46:18:46:Infinity":6,"b:47:2:47:Infinity:undefined:undefined:undefined:undefined":7,"s:47:2:47:Infinity":7,"s:47:21:47:Infinity":8,"b:48:2:48:Infinity:undefined:undefined:undefined:undefined":8,"s:48:2:48:Infinity":9,"s:48:21:48:Infinity":10,"s:49:2:49:Infinity":11,"f:52:9:52:32":6,"s:53:15:56:Infinity":12,"f:54:12:54:19":7,"s:54:19:54:41":13,"f:55:9:55:16":8,"s:55:16:55:60":14,"f:56:19:56:20":9,"s:56:29:56:34":15,"s:58:12:58:Infinity":16,"s:59:16:59:Infinity":17,"s:60:32:60:Infinity":18,"s:61:2:69:Infinity":19,"b:62:4:66:Infinity:64:11:66:Infinity":9,"s:62:4:66:Infinity":20,"b:62:8:62:28:62:28:62:65":10,"s:63:6:63:Infinity":21,"s:65:6:65:Infinity":22,"s:67:4:67:Infinity":23,"s:68:4:68:Infinity":24,"s:70:2:70:Infinity":25,"f:73:9:73:33":10,"s:74:17:74:Infinity":26,"s:75:2:80:Infinity":27,"s:76:16:76:Infinity":28,"b:76:19:76:37:76:37:76:47":11,"s:77:18:77:Infinity":29,"b:77:18:77:37:77:37:77:Infinity":12,"s:78:4:78:Infinity":30,"s:79:4:79:Infinity":31,"s:82:2:97:Infinity":32,"f:82:35:82:36":11,"s:83:40:83:Infinity":33,"s:84:53:95:Infinity":34,"b:85:13:85:37:85:37:85:Infinity":13,"f:88:37:88:38":12,"s:88:51:88:77":35,"f:90:46:90:53":13,"s:90:53:90:62":36,"s:96:4:96:Infinity":37,"f:97:10:97:11":14,"s:97:20:97:91":38,"b:97:20:97:51:97:51:97:91":14,"f:100:9:100:17":15,"s:101:16:101:Infinity":39,"s:102:2:108:Infinity":40,"s:103:16:103:Infinity":41,"b:103:16:103:30:103:30:103:Infinity":15,"s:104:20:104:Infinity":42,"b:104:20:104:38:104:38:104:Infinity":16,"b:104:67:104:87:104:87:104:92":17,"s:105:4:105:Infinity":43,"s:106:4:106:Infinity":44,"s:107:4:107:Infinity":45,"s:109:17:109:Infinity":46,"f:109:42:109:43":16,"s:109:52:109:140":47,"b:109:52:109:81:109:81:109:108:109:108:109:140":18,"s:110:15:110:Infinity":48,"s:111:2:111:Infinity":49,"b:111:19:111:35:111:35:111:39":19,"b:111:53:111:75:111:75:111:79":20,"b:111:85:111:104:111:104:111:106":21,"f:114:9:114:27":17,"s:115:21:115:Infinity":50,"f:115:42:115:49":18,"s:115:49:115:62":51,"s:116:27:116:Infinity":52,"f:116:39:116:46":19,"s:116:46:116:96":53,"s:117:15:117:Infinity":54,"s:118:30:118:Infinity":55,"s:119:29:121:Infinity":56,"f:119:41:119:Infinity":20,"s:120:4:120:Infinity":57,"b:120:4:120:21:120:21:120:71:120:71:120:Infinity":22,"s:122:22:122:Infinity":58,"s:123:2:123:Infinity":59,"s:123:26:123:Infinity":60,"b:123:58:123:92:123:92:123:97":23,"s:124:35:124:Infinity":61,"f:124:68:124:77":21,"s:124:77:124:113":62,"s:125:21:125:Infinity":63,"f:125:39:125:40":22,"s:125:53:125:79":64,"s:126:35:126:Infinity":65,"b:128:2:128:Infinity:undefined:undefined:undefined:undefined":24,"s:128:2:128:Infinity":66,"f:128:16:128:23":23,"s:128:23:128:42":67,"s:128:45:128:Infinity":68,"b:129:2:129:Infinity:undefined:undefined:undefined:undefined":25,"s:129:2:129:Infinity":69,"s:129:51:129:Infinity":70,"b:130:2:130:Infinity:undefined:undefined:undefined:undefined":26,"s:130:2:130:Infinity":71,"s:130:52:130:Infinity":72,"b:131:2:131:Infinity:undefined:undefined:undefined:undefined":27,"s:131:2:131:Infinity":73,"s:131:50:131:Infinity":74,"b:132:2:132:Infinity:undefined:undefined:undefined:undefined":28,"s:132:2:132:Infinity":75,"s:132:43:132:Infinity":76,"b:133:2:133:Infinity:undefined:undefined:undefined:undefined":29,"s:133:2:133:Infinity":77,"s:133:56:133:Infinity":78,"b:134:2:134:Infinity:undefined:undefined:undefined:undefined":30,"s:134:2:134:Infinity":79,"s:134:30:134:Infinity":80,"b:135:2:135:Infinity:undefined:undefined:undefined:undefined":31,"s:135:2:135:Infinity":81,"s:135:36:135:Infinity":82,"s:137:27:137:Infinity":83,"s:138:2:138:Infinity":84,"s:138:26:138:Infinity":85,"b:138:47:138:65:138:65:138:78":32,"b:138:78:138:132:138:132:138:137":33,"b:138:99:138:117:138:117:138:127":34,"s:139:21:139:Infinity":86,"b:139:21:139:120:139:120:139:Infinity":35,"f:139:58:139:59":24,"s:139:68:139:107":87,"b:139:68:139:83:139:83:139:107":36,"s:141:2:157:Infinity":88,"b:144:18:144:27:144:27:144:Infinity":37,"f:160:9:160:28":25,"s:161:17:161:Infinity":89,"s:162:2:167:Infinity":90,"s:163:16:163:Infinity":91,"b:163:37:163:50:163:50:163:61":38,"s:164:18:164:Infinity":92,"b:164:18:164:37:164:37:164:Infinity":39,"s:165:4:165:Infinity":93,"s:166:4:166:Infinity":94,"s:168:2:173:Infinity":95,"f:169:9:169:10":26,"s:170:29:170:Infinity":96,"s:171:6:171:Infinity":97,"b:171:62:171:67:171:67:171:74":40,"f:173:10:173:11":27,"s:173:20:173:130":98,"b:173:20:173:55:173:55:173:86:173:86:173:130":41,"f:176:16:176:42":28,"s:180:2:183:Infinity":99,"f:186:9:186:Infinity":29,"s:190:17:190:Infinity":100,"f:190:37:190:38":30,"s:190:47:190:77":101,"s:191:28:191:Infinity":102,"s:192:2:214:Infinity":103,"f:192:20:192:31":31,"s:193:16:193:Infinity":104,"s:194:21:194:Infinity":105,"s:195:26:195:Infinity":106,"b:195:26:195:50:195:50:195:Infinity":42,"s:196:24:196:Infinity":107,"b:196:48:196:55:196:55:196:Infinity":43,"s:197:26:201:Infinity":108,"b:198:8:198:Infinity:199:8:201:Infinity":44,"b:200:11:200:Infinity:201:10:201:Infinity":45,"b:200:36:200:43:200:43:200:Infinity":46,"s:202:21:204:Infinity":109,"b:203:8:203:Infinity:204:8:204:Infinity":47,"b:204:8:204:33:204:33:204:Infinity":48,"s:205:17:211:Infinity":110,"b:210:19:210:80:210:80:210:Infinity":49,"s:212:4:212:Infinity":111,"s:213:4:213:Infinity":112,"f:214:10:214:11":32,"s:214:20:214:125":113,"b:214:20:214:54:214:54:214:85:214:85:214:125":50,"f:217:9:217:23":33,"s:218:2:224:Infinity":114,"f:222:29:222:30":34,"s:222:45:222:67":115,"f:223:36:223:37":35,"s:223:52:223:76":116,"f:227:16:227:Infinity":36,"b:231:35:231:Infinity":51,"s:233:23:233:Infinity":117,"f:233:40:233:41":37,"s:233:50:233:80":118,"s:234:30:234:Infinity":119,"f:234:70:234:79":38,"s:234:79:234:104":120,"s:235:24:236:Infinity":121,"f:235:45:235:54":39,"s:235:54:235:73":122,"f:236:10:236:11":40,"s:236:20:236:116":123,"b:236:20:236:54:236:54:236:89:236:89:236:116":52,"s:237:19:237:Infinity":124,"s:238:2:244:Infinity":125,"b:243:47:243:65:243:65:243:69":53,"f:247:16:247:Infinity":41,"b:252:35:252:Infinity":54,"s:254:8:254:Infinity":126,"b:254:22:254:49:254:49:254:53":55,"f:254:60:254:69":42,"s:254:69:254:98":127,"s:255:2:255:Infinity":128,"f:258:16:258:38":43,"s:259:2:259:Infinity":129,"b:259:9:259:81:259:81:259:Infinity":56,"b:259:14:259:33:259:33:259:36":57,"f:259:42:259:51":44,"s:259:51:259:62":130}}}
,"C:\\Users\\Mike McConnell\\Documents\\mike_apps\\Scheduler 4\\utils\\parking\\parkingExport.ts": {"path":"C:\\Users\\Mike McConnell\\Documents\\mike_apps\\Scheduler 4\\utils\\parking\\parkingExport.ts","statementMap":{"0":{"start":{"line":5,"column":2},"end":{"line":5,"column":null}},"1":{"start":{"line":9,"column":2},"end":{"line":9,"column":null}},"2":{"start":{"line":13,"column":16},"end":{"line":13,"column":null}},"3":{"start":{"line":14,"column":15},"end":{"line":14,"column":null}},"4":{"start":{"line":15,"column":2},"end":{"line":15,"column":null}},"5":{"start":{"line":19,"column":8},"end":{"line":19,"column":null}},"6":{"start":{"line":20,"column":16},"end":{"line":20,"column":null}},"7":{"start":{"line":21,"column":15},"end":{"line":21,"column":null}},"8":{"start":{"line":22,"column":2},"end":{"line":22,"column":null}},"9":{"start":{"line":26,"column":19},"end":{"line":26,"column":null}},"10":{"start":{"line":28,"column":18},"end":{"line":45,"column":null}},"11":{"start":{"line":28,"column":50},"end":{"line":28,"column":60}},"12":{"start":{"line":28,"column":74},"end":{"line":45,"column":4}},"13":{"start":{"line":47,"column":25},"end":{"line":58,"column":null}},"14":{"start":{"line":47,"column":72},"end":{"line":58,"column":4}},"15":{"start":{"line":60,"column":19},"end":{"line":75,"column":null}},"16":{"start":{"line":60,"column":57},"end":{"line":75,"column":4}},"17":{"start":{"line":77,"column":23},"end":{"line":83,"column":null}},"18":{"start":{"line":85,"column":2},"end":{"line":85,"column":null}},"19":{"start":{"line":86,"column":2},"end":{"line":86,"column":null}},"20":{"start":{"line":87,"column":2},"end":{"line":87,"column":null}},"21":{"start":{"line":88,"column":2},"end":{"line":88,"column":null}},"22":{"start":{"line":89,"column":2},"end":{"line":89,"column":null}},"23":{"start":{"line":93,"column":2},"end":{"line":93,"column":null}}},"fnMap":{"0":{"name":"money","decl":{"start":{"line":4,"column":9},"end":{"line":4,"column":15}},"loc":{"start":{"line":4,"column":66},"end":{"line":6,"column":null}},"line":4},"1":{"name":"percent","decl":{"start":{"line":8,"column":9},"end":{"line":8,"column":17}},"loc":{"start":{"line":8,"column":68},"end":{"line":10,"column":null}},"line":8},"2":{"name":"minutesToDuration","decl":{"start":{"line":12,"column":9},"end":{"line":12,"column":27}},"loc":{"start":{"line":12,"column":52},"end":{"line":16,"column":null}},"line":12},"3":{"name":"minutesToTime","decl":{"start":{"line":18,"column":9},"end":{"line":18,"column":23}},"loc":{"start":{"line":18,"column":48},"end":{"line":23,"column":null}},"line":18},"4":{"name":"createParkingExportWorkbook","decl":{"start":{"line":25,"column":16},"end":{"line":25,"column":44}},"loc":{"start":{"line":25,"column":84},"end":{"line":90,"column":null}},"line":25},"5":{"name":"(anonymous_5)","decl":{"start":{"line":28,"column":41},"end":{"line":28,"column":50}},"loc":{"start":{"line":28,"column":50},"end":{"line":28,"column":60}},"line":28},"6":{"name":"(anonymous_6)","decl":{"start":{"line":28,"column":66},"end":{"line":28,"column":74}},"loc":{"start":{"line":28,"column":74},"end":{"line":45,"column":4}},"line":28},"7":{"name":"(anonymous_7)","decl":{"start":{"line":47,"column":57},"end":{"line":47,"column":72}},"loc":{"start":{"line":47,"column":72},"end":{"line":58,"column":4}},"line":47},"8":{"name":"(anonymous_8)","decl":{"start":{"line":60,"column":45},"end":{"line":60,"column":57}},"loc":{"start":{"line":60,"column":57},"end":{"line":75,"column":4}},"line":60},"9":{"name":"exportParkingWorkbook","decl":{"start":{"line":92,"column":16},"end":{"line":92,"column":38}},"loc":{"start":{"line":92,"column":109},"end":{"line":94,"column":null}},"line":92}},"branchMap":{"0":{"loc":{"start":{"line":5,"column":9},"end":{"line":5,"column":null}},"type":"cond-expr","locations":[{"start":{"line":5,"column":63},"end":{"line":5,"column":95}},{"start":{"line":5,"column":95},"end":{"line":5,"column":null}}],"line":5},"1":{"loc":{"start":{"line":5,"column":9},"end":{"line":5,"column":63}},"type":"binary-expr","locations":[{"start":{"line":5,"column":9},"end":{"line":5,"column":38}},{"start":{"line":5,"column":38},"end":{"line":5,"column":63}}],"line":5},"2":{"loc":{"start":{"line":9,"column":9},"end":{"line":9,"column":null}},"type":"cond-expr","locations":[{"start":{"line":9,"column":63},"end":{"line":9,"column":95}},{"start":{"line":9,"column":95},"end":{"line":9,"column":null}}],"line":9},"3":{"loc":{"start":{"line":9,"column":9},"end":{"line":9,"column":63}},"type":"binary-expr","locations":[{"start":{"line":9,"column":9},"end":{"line":9,"column":38}},{"start":{"line":9,"column":38},"end":{"line":9,"column":63}}],"line":9},"4":{"loc":{"start":{"line":31,"column":21},"end":{"line":31,"column":null}},"type":"binary-expr","locations":[{"start":{"line":31,"column":21},"end":{"line":31,"column":34}},{"start":{"line":31,"column":34},"end":{"line":31,"column":null}}],"line":31},"5":{"loc":{"start":{"line":41,"column":16},"end":{"line":41,"column":null}},"type":"binary-expr","locations":[{"start":{"line":41,"column":16},"end":{"line":41,"column":34}},{"start":{"line":41,"column":34},"end":{"line":41,"column":null}}],"line":41},"6":{"loc":{"start":{"line":44,"column":21},"end":{"line":44,"column":null}},"type":"cond-expr","locations":[{"start":{"line":44,"column":43},"end":{"line":44,"column":51}},{"start":{"line":44,"column":51},"end":{"line":44,"column":null}}],"line":44},"7":{"loc":{"start":{"line":57,"column":23},"end":{"line":57,"column":null}},"type":"cond-expr","locations":[{"start":{"line":57,"column":48},"end":{"line":57,"column":56}},{"start":{"line":57,"column":56},"end":{"line":57,"column":null}}],"line":57},"8":{"loc":{"start":{"line":92,"column":63},"end":{"line":92,"column":109}},"type":"default-arg","locations":[{"start":{"line":92,"column":74},"end":{"line":92,"column":109}}],"line":92}},"s":{"0":26,"1":4,"2":8,"3":8,"4":8,"5":16,"6":16,"7":16,"8":16,"9":2,"10":2,"11":2,"12":8,"13":2,"14":4,"15":2,"16":4,"17":2,"18":2,"19":2,"20":2,"21":2,"22":2,"23":1},"f":{"0":26,"1":4,"2":8,"3":16,"4":2,"5":2,"6":8,"7":4,"8":4,"9":1},"b":{"0":[18,8],"1":[26,18],"2":[0,4],"3":[4,0],"4":[8,0],"5":[8,0],"6":[0,8],"7":[0,4],"8":[1]},"meta":{"lastBranch":9,"lastFunction":10,"lastStatement":24,"seen":{"f:4:9:4:15":0,"s:5:2:5:Infinity":0,"b:5:63:5:95:5:95:5:Infinity":0,"b:5:9:5:38:5:38:5:63":1,"f:8:9:8:17":1,"s:9:2:9:Infinity":1,"b:9:63:9:95:9:95:9:Infinity":2,"b:9:9:9:38:9:38:9:63":3,"f:12:9:12:27":2,"s:13:16:13:Infinity":2,"s:14:15:14:Infinity":3,"s:15:2:15:Infinity":4,"f:18:9:18:23":3,"s:19:8:19:Infinity":5,"s:20:16:20:Infinity":6,"s:21:15:21:Infinity":7,"s:22:2:22:Infinity":8,"f:25:16:25:44":4,"s:26:19:26:Infinity":9,"s:28:18:45:Infinity":10,"f:28:41:28:50":5,"s:28:50:28:60":11,"f:28:66:28:74":6,"s:28:74:45:4":12,"b:31:21:31:34:31:34:31:Infinity":4,"b:41:16:41:34:41:34:41:Infinity":5,"b:44:43:44:51:44:51:44:Infinity":6,"s:47:25:58:Infinity":13,"f:47:57:47:72":7,"s:47:72:58:4":14,"b:57:48:57:56:57:56:57:Infinity":7,"s:60:19:75:Infinity":15,"f:60:45:60:57":8,"s:60:57:75:4":16,"s:77:23:83:Infinity":17,"s:85:2:85:Infinity":18,"s:86:2:86:Infinity":19,"s:87:2:87:Infinity":20,"s:88:2:88:Infinity":21,"s:89:2:89:Infinity":22,"f:92:16:92:38":9,"b:92:74:92:109":8,"s:93:2:93:Infinity":23}}}
,"C:\\Users\\Mike McConnell\\Documents\\mike_apps\\Scheduler 4\\utils\\parking\\parkingParser.ts": {"path":"C:\\Users\\Mike McConnell\\Documents\\mike_apps\\Scheduler 4\\utils\\parking\\parkingParser.ts","statementMap":{"0":{"start":{"line":12,"column":25},"end":{"line":20,"column":null}},"1":{"start":{"line":23,"column":2},"end":{"line":23,"column":null}},"2":{"start":{"line":27,"column":2},"end":{"line":27,"column":null}},"3":{"start":{"line":31,"column":2},"end":{"line":31,"column":null}},"4":{"start":{"line":35,"column":21},"end":{"line":35,"column":null}},"5":{"start":{"line":36,"column":2},"end":{"line":36,"column":null}},"6":{"start":{"line":36,"column":19},"end":{"line":36,"column":null}},"7":{"start":{"line":37,"column":24},"end":{"line":37,"column":null}},"8":{"start":{"line":38,"column":2},"end":{"line":38,"column":null}},"9":{"start":{"line":38,"column":53},"end":{"line":38,"column":null}},"10":{"start":{"line":39,"column":23},"end":{"line":39,"column":null}},"11":{"start":{"line":40,"column":2},"end":{"line":40,"column":null}},"12":{"start":{"line":44,"column":17},"end":{"line":44,"column":null}},"13":{"start":{"line":45,"column":2},"end":{"line":45,"column":null}},"14":{"start":{"line":49,"column":15},"end":{"line":49,"column":null}},"15":{"start":{"line":50,"column":2},"end":{"line":50,"column":null}},"16":{"start":{"line":50,"column":13},"end":{"line":50,"column":null}},"17":{"start":{"line":51,"column":16},"end":{"line":51,"column":null}},"18":{"start":{"line":52,"column":18},"end":{"line":52,"column":null}},"19":{"start":{"line":53,"column":2},"end":{"line":53,"column":null}},"20":{"start":{"line":53,"column":60},"end":{"line":53,"column":null}},"21":{"start":{"line":54,"column":16},"end":{"line":54,"column":null}},"22":{"start":{"line":55,"column":2},"end":{"line":55,"column":null}},"23":{"start":{"line":59,"column":14},"end":{"line":59,"column":null}},"24":{"start":{"line":60,"column":16},"end":{"line":60,"column":null}},"25":{"start":{"line":61,"column":2},"end":{"line":61,"column":null}},"26":{"start":{"line":61,"column":14},"end":{"line":61,"column":null}},"27":{"start":{"line":62,"column":45},"end":{"line":62,"column":null}},"28":{"start":{"line":63,"column":15},"end":{"line":63,"column":null}},"29":{"start":{"line":64,"column":18},"end":{"line":64,"column":null}},"30":{"start":{"line":65,"column":18},"end":{"line":65,"column":null}},"31":{"start":{"line":66,"column":2},"end":{"line":66,"column":null}},"32":{"start":{"line":66,"column":62},"end":{"line":66,"column":null}},"33":{"start":{"line":67,"column":2},"end":{"line":67,"column":null}},"34":{"start":{"line":71,"column":2},"end":{"line":74,"column":null}},"35":{"start":{"line":72,"column":23},"end":{"line":72,"column":null}},"36":{"start":{"line":73,"column":4},"end":{"line":73,"column":null}},"37":{"start":{"line":73,"column":44},"end":{"line":73,"column":71}},"38":{"start":{"line":78,"column":2},"end":{"line":78,"column":null}},"39":{"start":{"line":78,"column":36},"end":{"line":78,"column":69}},"40":{"start":{"line":82,"column":14},"end":{"line":82,"column":null}},"41":{"start":{"line":83,"column":2},"end":{"line":95,"column":null}},"42":{"start":{"line":84,"column":22},"end":{"line":84,"column":null}},"43":{"start":{"line":85,"column":4},"end":{"line":87,"column":null}},"44":{"start":{"line":86,"column":6},"end":{"line":86,"column":null}},"45":{"start":{"line":88,"column":4},"end":{"line":94,"column":null}},"46":{"start":{"line":89,"column":20},"end":{"line":89,"column":null}},"47":{"start":{"line":90,"column":6},"end":{"line":93,"column":null}},"48":{"start":{"line":91,"column":8},"end":{"line":91,"column":null}},"49":{"start":{"line":92,"column":8},"end":{"line":92,"column":null}},"50":{"start":{"line":96,"column":2},"end":{"line":96,"column":null}},"51":{"start":{"line":100,"column":2},"end":{"line":100,"column":null}},"52":{"start":{"line":100,"column":56},"end":{"line":100,"column":126}},"53":{"start":{"line":104,"column":2},"end":{"line":104,"column":null}},"54":{"start":{"line":104,"column":45},"end":{"line":104,"column":83}},"55":{"start":{"line":115,"column":8},"end":{"line":115,"column":null}},"56":{"start":{"line":116,"column":19},"end":{"line":116,"column":null}},"57":{"start":{"line":117,"column":20},"end":{"line":117,"column":null}},"58":{"start":{"line":118,"column":2},"end":{"line":118,"column":null}},"59":{"start":{"line":118,"column":18},"end":{"line":118,"column":null}},"60":{"start":{"line":120,"column":16},"end":{"line":120,"column":null}},"61":{"start":{"line":121,"column":15},"end":{"line":121,"column":null}},"62":{"start":{"line":122,"column":25},"end":{"line":122,"column":null}},"63":{"start":{"line":123,"column":2},"end":{"line":125,"column":null}},"64":{"start":{"line":124,"column":4},"end":{"line":124,"column":null}},"65":{"start":{"line":127,"column":18},"end":{"line":127,"column":null}},"66":{"start":{"line":128,"column":18},"end":{"line":137,"column":null}},"67":{"start":{"line":139,"column":24},"end":{"line":139,"column":null}},"68":{"start":{"line":140,"column":25},"end":{"line":140,"column":null}},"69":{"start":{"line":141,"column":38},"end":{"line":141,"column":null}},"70":{"start":{"line":142,"column":17},"end":{"line":142,"column":null}},"71":{"start":{"line":143,"column":19},"end":{"line":143,"column":null}},"72":{"start":{"line":144,"column":20},"end":{"line":144,"column":null}},"73":{"start":{"line":146,"column":2},"end":{"line":196,"column":null}},"74":{"start":{"line":147,"column":18},"end":{"line":147,"column":null}},"75":{"start":{"line":148,"column":28},"end":{"line":148,"column":null}},"76":{"start":{"line":149,"column":25},"end":{"line":149,"column":null}},"77":{"start":{"line":150,"column":4},"end":{"line":153,"column":null}},"78":{"start":{"line":151,"column":6},"end":{"line":151,"column":null}},"79":{"start":{"line":152,"column":6},"end":{"line":152,"column":null}},"80":{"start":{"line":155,"column":18},"end":{"line":155,"column":null}},"81":{"start":{"line":156,"column":19},"end":{"line":156,"column":null}},"82":{"start":{"line":157,"column":26},"end":{"line":157,"column":null}},"83":{"start":{"line":158,"column":23},"end":{"line":158,"column":null}},"84":{"start":{"line":159,"column":24},"end":{"line":159,"column":null}},"85":{"start":{"line":161,"column":4},"end":{"line":172,"column":null}},"86":{"start":{"line":162,"column":23},"end":{"line":167,"column":null}},"87":{"start":{"line":168,"column":6},"end":{"line":168,"column":null}},"88":{"start":{"line":168,"column":50},"end":{"line":168,"column":null}},"89":{"start":{"line":169,"column":6},"end":{"line":169,"column":null}},"90":{"start":{"line":169,"column":71},"end":{"line":169,"column":null}},"91":{"start":{"line":170,"column":6},"end":{"line":170,"column":null}},"92":{"start":{"line":171,"column":6},"end":{"line":171,"column":null}},"93":{"start":{"line":174,"column":4},"end":{"line":174,"column":null}},"94":{"start":{"line":175,"column":4},"end":{"line":195,"column":null}},"95":{"start":{"line":198,"column":2},"end":{"line":200,"column":null}},"96":{"start":{"line":199,"column":4},"end":{"line":199,"column":null}},"97":{"start":{"line":201,"column":2},"end":{"line":203,"column":null}},"98":{"start":{"line":202,"column":4},"end":{"line":202,"column":null}},"99":{"start":{"line":205,"column":16},"end":{"line":205,"column":null}},"100":{"start":{"line":206,"column":8},"end":{"line":206,"column":null}},"101":{"start":{"line":207,"column":41},"end":{"line":218,"column":null}},"102":{"start":{"line":214,"column":48},"end":{"line":214,"column":74}},"103":{"start":{"line":220,"column":29},"end":{"line":220,"column":null}},"104":{"start":{"line":221,"column":2},"end":{"line":221,"column":null}},"105":{"start":{"line":221,"column":23},"end":{"line":221,"column":null}},"106":{"start":{"line":222,"column":28},"end":{"line":222,"column":null}},"107":{"start":{"line":222,"column":53},"end":{"line":222,"column":72}},"108":{"start":{"line":223,"column":2},"end":{"line":223,"column":null}},"109":{"start":{"line":223,"column":29},"end":{"line":223,"column":null}},"110":{"start":{"line":225,"column":2},"end":{"line":229,"column":null}},"111":{"start":{"line":226,"column":92},"end":{"line":226,"column":114}},"112":{"start":{"line":233,"column":2},"end":{"line":235,"column":null}},"113":{"start":{"line":234,"column":4},"end":{"line":234,"column":null}},"114":{"start":{"line":236,"column":17},"end":{"line":236,"column":null}},"115":{"start":{"line":237,"column":2},"end":{"line":237,"column":null}}},"fnMap":{"0":{"name":"normalizeHeader","decl":{"start":{"line":22,"column":9},"end":{"line":22,"column":25}},"loc":{"start":{"line":22,"column":49},"end":{"line":24,"column":null}},"line":22},"1":{"name":"normalizeText","decl":{"start":{"line":26,"column":9},"end":{"line":26,"column":23}},"loc":{"start":{"line":26,"column":47},"end":{"line":28,"column":null}},"line":26},"2":{"name":"normalizeParkingCode","decl":{"start":{"line":30,"column":16},"end":{"line":30,"column":37}},"loc":{"start":{"line":30,"column":61},"end":{"line":32,"column":null}},"line":30},"3":{"name":"getParkingCodeFamilyKey","decl":{"start":{"line":34,"column":16},"end":{"line":34,"column":40}},"loc":{"start":{"line":34,"column":62},"end":{"line":41,"column":null}},"line":34},"4":{"name":"parseMoney","decl":{"start":{"line":43,"column":9},"end":{"line":43,"column":20}},"loc":{"start":{"line":43,"column":44},"end":{"line":46,"column":null}},"line":43},"5":{"name":"parseParkingDurationMinutes","decl":{"start":{"line":48,"column":16},"end":{"line":48,"column":44}},"loc":{"start":{"line":48,"column":75},"end":{"line":56,"column":null}},"line":48},"6":{"name":"parseHotspotDate","decl":{"start":{"line":58,"column":9},"end":{"line":58,"column":26}},"loc":{"start":{"line":58,"column":129},"end":{"line":68,"column":null}},"line":58},"7":{"name":"findHeaderRow","decl":{"start":{"line":70,"column":9},"end":{"line":70,"column":23}},"loc":{"start":{"line":70,"column":50},"end":{"line":75,"column":null}},"line":70},"8":{"name":"(anonymous_8)","decl":{"start":{"line":71,"column":24},"end":{"line":71,"column":31}},"loc":{"start":{"line":71,"column":31},"end":{"line":74,"column":3}},"line":71},"9":{"name":"(anonymous_9)","decl":{"start":{"line":73,"column":34},"end":{"line":73,"column":44}},"loc":{"start":{"line":73,"column":44},"end":{"line":73,"column":71}},"line":73},"10":{"name":"headerIndex","decl":{"start":{"line":77,"column":9},"end":{"line":77,"column":21}},"loc":{"start":{"line":77,"column":65},"end":{"line":79,"column":null}},"line":77},"11":{"name":"(anonymous_11)","decl":{"start":{"line":78,"column":27},"end":{"line":78,"column":36}},"loc":{"start":{"line":78,"column":36},"end":{"line":78,"column":69}},"line":78},"12":{"name":"buildMappingLookup","decl":{"start":{"line":81,"column":9},"end":{"line":81,"column":28}},"loc":{"start":{"line":81,"column":76},"end":{"line":97,"column":null}},"line":81},"13":{"name":"buildLocationLookup","decl":{"start":{"line":99,"column":9},"end":{"line":99,"column":29}},"loc":{"start":{"line":99,"column":77},"end":{"line":101,"column":null}},"line":99},"14":{"name":"(anonymous_14)","decl":{"start":{"line":100,"column":44},"end":{"line":100,"column":56}},"loc":{"start":{"line":100,"column":56},"end":{"line":100,"column":126}},"line":100},"15":{"name":"sortUnmapped","decl":{"start":{"line":103,"column":9},"end":{"line":103,"column":22}},"loc":{"start":{"line":103,"column":99},"end":{"line":105,"column":null}},"line":103},"16":{"name":"(anonymous_16)","decl":{"start":{"line":104,"column":35},"end":{"line":104,"column":36}},"loc":{"start":{"line":104,"column":45},"end":{"line":104,"column":83}},"line":104},"17":{"name":"parseParkingWorkbook","decl":{"start":{"line":107,"column":16},"end":{"line":107,"column":null}},"loc":{"start":{"line":114,"column":22},"end":{"line":230,"column":null}},"line":114},"18":{"name":"(anonymous_18)","decl":{"start":{"line":146,"column":41},"end":{"line":146,"column":42}},"loc":{"start":{"line":146,"column":61},"end":{"line":196,"column":3}},"line":146},"19":{"name":"(anonymous_19)","decl":{"start":{"line":214,"column":34},"end":{"line":214,"column":35}},"loc":{"start":{"line":214,"column":48},"end":{"line":214,"column":74}},"line":214},"20":{"name":"(anonymous_20)","decl":{"start":{"line":222,"column":46},"end":{"line":222,"column":53}},"loc":{"start":{"line":222,"column":53},"end":{"line":222,"column":72}},"line":222},"21":{"name":"(anonymous_21)","decl":{"start":{"line":226,"column":80},"end":{"line":226,"column":92}},"loc":{"start":{"line":226,"column":92},"end":{"line":226,"column":114}},"line":226},"22":{"name":"parseParkingFile","decl":{"start":{"line":232,"column":22},"end":{"line":232,"column":39}},"loc":{"start":{"line":232,"column":128},"end":{"line":238,"column":null}},"line":232}},"branchMap":{"0":{"loc":{"start":{"line":23,"column":16},"end":{"line":23,"column":27}},"type":"binary-expr","locations":[{"start":{"line":23,"column":16},"end":{"line":23,"column":25}},{"start":{"line":23,"column":25},"end":{"line":23,"column":27}}],"line":23},"1":{"loc":{"start":{"line":27,"column":16},"end":{"line":27,"column":27}},"type":"binary-expr","locations":[{"start":{"line":27,"column":16},"end":{"line":27,"column":25}},{"start":{"line":27,"column":25},"end":{"line":27,"column":27}}],"line":27},"2":{"loc":{"start":{"line":36,"column":2},"end":{"line":36,"column":null}},"type":"if","locations":[{"start":{"line":36,"column":2},"end":{"line":36,"column":null}},{"start":{},"end":{}}],"line":36},"3":{"loc":{"start":{"line":38,"column":2},"end":{"line":38,"column":null}},"type":"if","locations":[{"start":{"line":38,"column":2},"end":{"line":38,"column":null}},{"start":{},"end":{}}],"line":38},"4":{"loc":{"start":{"line":38,"column":6},"end":{"line":38,"column":53}},"type":"binary-expr","locations":[{"start":{"line":38,"column":6},"end":{"line":38,"column":23}},{"start":{"line":38,"column":23},"end":{"line":38,"column":53}}],"line":38},"5":{"loc":{"start":{"line":40,"column":9},"end":{"line":40,"column":null}},"type":"binary-expr","locations":[{"start":{"line":40,"column":9},"end":{"line":40,"column":25}},{"start":{"line":40,"column":25},"end":{"line":40,"column":null}}],"line":40},"6":{"loc":{"start":{"line":44,"column":31},"end":{"line":44,"column":42}},"type":"binary-expr","locations":[{"start":{"line":44,"column":31},"end":{"line":44,"column":40}},{"start":{"line":44,"column":40},"end":{"line":44,"column":42}}],"line":44},"7":{"loc":{"start":{"line":45,"column":9},"end":{"line":45,"column":null}},"type":"cond-expr","locations":[{"start":{"line":45,"column":35},"end":{"line":45,"column":44}},{"start":{"line":45,"column":44},"end":{"line":45,"column":null}}],"line":45},"8":{"loc":{"start":{"line":50,"column":2},"end":{"line":50,"column":null}},"type":"if","locations":[{"start":{"line":50,"column":2},"end":{"line":50,"column":null}},{"start":{},"end":{}}],"line":50},"9":{"loc":{"start":{"line":51,"column":23},"end":{"line":51,"column":66}},"type":"binary-expr","locations":[{"start":{"line":51,"column":23},"end":{"line":51,"column":65}},{"start":{"line":51,"column":65},"end":{"line":51,"column":66}}],"line":51},"10":{"loc":{"start":{"line":52,"column":25},"end":{"line":52,"column":68}},"type":"binary-expr","locations":[{"start":{"line":52,"column":25},"end":{"line":52,"column":67}},{"start":{"line":52,"column":67},"end":{"line":52,"column":68}}],"line":52},"11":{"loc":{"start":{"line":53,"column":2},"end":{"line":53,"column":null}},"type":"if","locations":[{"start":{"line":53,"column":2},"end":{"line":53,"column":null}},{"start":{},"end":{}}],"line":53},"12":{"loc":{"start":{"line":53,"column":6},"end":{"line":53,"column":60}},"type":"binary-expr","locations":[{"start":{"line":53,"column":6},"end":{"line":53,"column":33}},{"start":{"line":53,"column":33},"end":{"line":53,"column":60}}],"line":53},"13":{"loc":{"start":{"line":55,"column":9},"end":{"line":55,"column":null}},"type":"cond-expr","locations":[{"start":{"line":55,"column":21},"end":{"line":55,"column":29}},{"start":{"line":55,"column":29},"end":{"line":55,"column":null}}],"line":55},"14":{"loc":{"start":{"line":61,"column":2},"end":{"line":61,"column":null}},"type":"if","locations":[{"start":{"line":61,"column":2},"end":{"line":61,"column":null}},{"start":{},"end":{}}],"line":61},"15":{"loc":{"start":{"line":66,"column":2},"end":{"line":66,"column":null}},"type":"if","locations":[{"start":{"line":66,"column":2},"end":{"line":66,"column":null}},{"start":{},"end":{}}],"line":66},"16":{"loc":{"start":{"line":66,"column":6},"end":{"line":66,"column":62}},"type":"binary-expr","locations":[{"start":{"line":66,"column":6},"end":{"line":66,"column":35}},{"start":{"line":66,"column":35},"end":{"line":66,"column":62}}],"line":66},"17":{"loc":{"start":{"line":85,"column":4},"end":{"line":87,"column":null}},"type":"if","locations":[{"start":{"line":85,"column":4},"end":{"line":87,"column":null}},{"start":{},"end":{}}],"line":85},"18":{"loc":{"start":{"line":85,"column":8},"end":{"line":85,"column":48}},"type":"binary-expr","locations":[{"start":{"line":85,"column":8},"end":{"line":85,"column":21}},{"start":{"line":85,"column":21},"end":{"line":85,"column":48}}],"line":85},"19":{"loc":{"start":{"line":88,"column":23},"end":{"line":88,"column":44}},"type":"binary-expr","locations":[{"start":{"line":88,"column":23},"end":{"line":88,"column":40}},{"start":{"line":88,"column":40},"end":{"line":88,"column":44}}],"line":88},"20":{"loc":{"start":{"line":90,"column":6},"end":{"line":93,"column":null}},"type":"if","locations":[{"start":{"line":90,"column":6},"end":{"line":93,"column":null}},{"start":{},"end":{}}],"line":90},"21":{"loc":{"start":{"line":90,"column":10},"end":{"line":90,"column":46}},"type":"binary-expr","locations":[{"start":{"line":90,"column":10},"end":{"line":90,"column":19}},{"start":{"line":90,"column":19},"end":{"line":90,"column":46}}],"line":90},"22":{"loc":{"start":{"line":115,"column":66},"end":{"line":115,"column":110}},"type":"binary-expr","locations":[{"start":{"line":115,"column":66},"end":{"line":115,"column":86}},{"start":{"line":115,"column":86},"end":{"line":115,"column":110}}],"line":115},"23":{"loc":{"start":{"line":118,"column":2},"end":{"line":118,"column":null}},"type":"if","locations":[{"start":{"line":118,"column":2},"end":{"line":118,"column":null}},{"start":{},"end":{}}],"line":118},"24":{"loc":{"start":{"line":123,"column":2},"end":{"line":125,"column":null}},"type":"if","locations":[{"start":{"line":123,"column":2},"end":{"line":125,"column":null}},{"start":{},"end":{}}],"line":123},"25":{"loc":{"start":{"line":150,"column":4},"end":{"line":153,"column":null}},"type":"if","locations":[{"start":{"line":150,"column":4},"end":{"line":153,"column":null}},{"start":{},"end":{}}],"line":150},"26":{"loc":{"start":{"line":150,"column":8},"end":{"line":150,"column":53}},"type":"binary-expr","locations":[{"start":{"line":150,"column":8},"end":{"line":150,"column":18}},{"start":{"line":150,"column":18},"end":{"line":150,"column":38}},{"start":{"line":150,"column":38},"end":{"line":150,"column":53}}],"line":150},"27":{"loc":{"start":{"line":158,"column":23},"end":{"line":158,"column":null}},"type":"binary-expr","locations":[{"start":{"line":158,"column":23},"end":{"line":158,"column":58}},{"start":{"line":158,"column":58},"end":{"line":158,"column":94}},{"start":{"line":158,"column":94},"end":{"line":158,"column":null}}],"line":158},"28":{"loc":{"start":{"line":159,"column":38},"end":{"line":159,"column":94}},"type":"cond-expr","locations":[{"start":{"line":159,"column":65},"end":{"line":159,"column":92}},{"start":{"line":159,"column":92},"end":{"line":159,"column":94}}],"line":159},"29":{"loc":{"start":{"line":161,"column":4},"end":{"line":172,"column":null}},"type":"if","locations":[{"start":{"line":161,"column":4},"end":{"line":172,"column":null}},{"start":{},"end":{}}],"line":161},"30":{"loc":{"start":{"line":162,"column":23},"end":{"line":167,"column":null}},"type":"binary-expr","locations":[{"start":{"line":162,"column":23},"end":{"line":162,"column":54}},{"start":{"line":162,"column":54},"end":{"line":167,"column":null}}],"line":162},"31":{"loc":{"start":{"line":168,"column":6},"end":{"line":168,"column":null}},"type":"if","locations":[{"start":{"line":168,"column":6},"end":{"line":168,"column":null}},{"start":{},"end":{}}],"line":168},"32":{"loc":{"start":{"line":169,"column":6},"end":{"line":169,"column":null}},"type":"if","locations":[{"start":{"line":169,"column":6},"end":{"line":169,"column":null}},{"start":{},"end":{}}],"line":169},"33":{"loc":{"start":{"line":169,"column":10},"end":{"line":169,"column":71}},"type":"binary-expr","locations":[{"start":{"line":169,"column":10},"end":{"line":169,"column":25}},{"start":{"line":169,"column":25},"end":{"line":169,"column":71}}],"line":169},"34":{"loc":{"start":{"line":176,"column":60},"end":{"line":176,"column":78}},"type":"binary-expr","locations":[{"start":{"line":176,"column":60},"end":{"line":176,"column":69}},{"start":{"line":176,"column":69},"end":{"line":176,"column":78}}],"line":176},"35":{"loc":{"start":{"line":185,"column":17},"end":{"line":185,"column":null}},"type":"binary-expr","locations":[{"start":{"line":185,"column":17},"end":{"line":185,"column":40}},{"start":{"line":185,"column":40},"end":{"line":185,"column":null}}],"line":185},"36":{"loc":{"start":{"line":187,"column":20},"end":{"line":187,"column":null}},"type":"binary-expr","locations":[{"start":{"line":187,"column":20},"end":{"line":187,"column":50}},{"start":{"line":187,"column":50},"end":{"line":187,"column":null}}],"line":187},"37":{"loc":{"start":{"line":198,"column":2},"end":{"line":200,"column":null}},"type":"if","locations":[{"start":{"line":198,"column":2},"end":{"line":200,"column":null}},{"start":{},"end":{}}],"line":198},"38":{"loc":{"start":{"line":201,"column":2},"end":{"line":203,"column":null}},"type":"if","locations":[{"start":{"line":201,"column":2},"end":{"line":203,"column":null}},{"start":{},"end":{}}],"line":201},"39":{"loc":{"start":{"line":221,"column":2},"end":{"line":221,"column":null}},"type":"if","locations":[{"start":{"line":221,"column":2},"end":{"line":221,"column":null}},{"start":{},"end":{}}],"line":221},"40":{"loc":{"start":{"line":223,"column":2},"end":{"line":223,"column":null}},"type":"if","locations":[{"start":{"line":223,"column":2},"end":{"line":223,"column":null}},{"start":{},"end":{}}],"line":223},"41":{"loc":{"start":{"line":233,"column":2},"end":{"line":235,"column":null}},"type":"if","locations":[{"start":{"line":233,"column":2},"end":{"line":235,"column":null}},{"start":{},"end":{}}],"line":233}},"s":{"0":2,"1":1085,"2":990,"3":396,"4":228,"5":228,"6":2,"7":226,"8":226,"9":161,"10":65,"11":65,"12":86,"13":86,"14":90,"15":90,"16":2,"17":88,"18":90,"19":90,"20":0,"21":88,"22":88,"23":88,"24":88,"25":88,"26":2,"27":86,"28":86,"29":86,"30":86,"31":86,"32":0,"33":86,"34":22,"35":42,"36":42,"37":168,"38":168,"39":756,"40":21,"41":21,"42":59,"43":59,"44":58,"45":59,"46":80,"47":80,"48":80,"49":80,"50":21,"51":21,"52":36,"53":19,"54":0,"55":22,"56":22,"57":22,"58":22,"59":0,"60":22,"61":22,"62":22,"63":22,"64":1,"65":21,"66":21,"67":21,"68":21,"69":21,"70":21,"71":21,"72":21,"73":21,"74":88,"75":88,"76":88,"77":88,"78":2,"79":2,"80":86,"81":86,"82":86,"83":86,"84":88,"85":88,"86":4,"87":4,"88":2,"89":4,"90":2,"91":4,"92":4,"93":86,"94":86,"95":21,"96":1,"97":20,"98":1,"99":19,"100":19,"101":19,"102":81,"103":19,"104":19,"105":1,"106":19,"107":81,"108":19,"109":19,"110":19,"111":39,"112":2,"113":1,"114":1,"115":1},"f":{"0":1085,"1":990,"2":396,"3":228,"4":86,"5":90,"6":88,"7":22,"8":42,"9":168,"10":168,"11":756,"12":21,"13":21,"14":36,"15":19,"16":0,"17":22,"18":88,"19":81,"20":81,"21":39,"22":2},"b":{"0":[1085,0],"1":[990,0],"2":[2,226],"3":[161,65],"4":[226,226],"5":[65,0],"6":[86,0],"7":[86,0],"8":[2,88],"9":[88,1],"10":[90,1],"11":[0,90],"12":[90,88],"13":[87,1],"14":[2,86],"15":[0,86],"16":[86,86],"17":[58,1],"18":[59,58],"19":[59,0],"20":[80,0],"21":[80,80],"22":[22,0],"23":[0,22],"24":[1,21],"25":[2,86],"26":[88,86,86],"27":[86,6,4],"28":[86,0],"29":[4,84],"30":[4,2],"31":[2,2],"32":[2,2],"33":[4,4],"34":[86,1],"35":[88,86],"36":[88,6],"37":[1,20],"38":[1,19],"39":[1,18],"40":[1,18],"41":[1,1]},"meta":{"lastBranch":42,"lastFunction":23,"lastStatement":116,"seen":{"s:12:25:20:Infinity":0,"f:22:9:22:25":0,"s:23:2:23:Infinity":1,"b:23:16:23:25:23:25:23:27":0,"f:26:9:26:23":1,"s:27:2:27:Infinity":2,"b:27:16:27:25:27:25:27:27":1,"f:30:16:30:37":2,"s:31:2:31:Infinity":3,"f:34:16:34:40":3,"s:35:21:35:Infinity":4,"b:36:2:36:Infinity:undefined:undefined:undefined:undefined":2,"s:36:2:36:Infinity":5,"s:36:19:36:Infinity":6,"s:37:24:37:Infinity":7,"b:38:2:38:Infinity:undefined:undefined:undefined:undefined":3,"s:38:2:38:Infinity":8,"b:38:6:38:23:38:23:38:53":4,"s:38:53:38:Infinity":9,"s:39:23:39:Infinity":10,"s:40:2:40:Infinity":11,"b:40:9:40:25:40:25:40:Infinity":5,"f:43:9:43:20":4,"s:44:17:44:Infinity":12,"b:44:31:44:40:44:40:44:42":6,"s:45:2:45:Infinity":13,"b:45:35:45:44:45:44:45:Infinity":7,"f:48:16:48:44":5,"s:49:15:49:Infinity":14,"b:50:2:50:Infinity:undefined:undefined:undefined:undefined":8,"s:50:2:50:Infinity":15,"s:50:13:50:Infinity":16,"s:51:16:51:Infinity":17,"b:51:23:51:65:51:65:51:66":9,"s:52:18:52:Infinity":18,"b:52:25:52:67:52:67:52:68":10,"b:53:2:53:Infinity:undefined:undefined:undefined:undefined":11,"s:53:2:53:Infinity":19,"b:53:6:53:33:53:33:53:60":12,"s:53:60:53:Infinity":20,"s:54:16:54:Infinity":21,"s:55:2:55:Infinity":22,"b:55:21:55:29:55:29:55:Infinity":13,"f:58:9:58:26":6,"s:59:14:59:Infinity":23,"s:60:16:60:Infinity":24,"b:61:2:61:Infinity:undefined:undefined:undefined:undefined":14,"s:61:2:61:Infinity":25,"s:61:14:61:Infinity":26,"s:62:45:62:Infinity":27,"s:63:15:63:Infinity":28,"s:64:18:64:Infinity":29,"s:65:18:65:Infinity":30,"b:66:2:66:Infinity:undefined:undefined:undefined:undefined":15,"s:66:2:66:Infinity":31,"b:66:6:66:35:66:35:66:62":16,"s:66:62:66:Infinity":32,"s:67:2:67:Infinity":33,"f:70:9:70:23":7,"s:71:2:74:Infinity":34,"f:71:24:71:31":8,"s:72:23:72:Infinity":35,"s:73:4:73:Infinity":36,"f:73:34:73:44":9,"s:73:44:73:71":37,"f:77:9:77:21":10,"s:78:2:78:Infinity":38,"f:78:27:78:36":11,"s:78:36:78:69":39,"f:81:9:81:28":12,"s:82:14:82:Infinity":40,"s:83:2:95:Infinity":41,"s:84:22:84:Infinity":42,"b:85:4:87:Infinity:undefined:undefined:undefined:undefined":17,"s:85:4:87:Infinity":43,"b:85:8:85:21:85:21:85:48":18,"s:86:6:86:Infinity":44,"s:88:4:94:Infinity":45,"b:88:23:88:40:88:40:88:44":19,"s:89:20:89:Infinity":46,"b:90:6:93:Infinity:undefined:undefined:undefined:undefined":20,"s:90:6:93:Infinity":47,"b:90:10:90:19:90:19:90:46":21,"s:91:8:91:Infinity":48,"s:92:8:92:Infinity":49,"s:96:2:96:Infinity":50,"f:99:9:99:29":13,"s:100:2:100:Infinity":51,"f:100:44:100:56":14,"s:100:56:100:126":52,"f:103:9:103:22":15,"s:104:2:104:Infinity":53,"f:104:35:104:36":16,"s:104:45:104:83":54,"f:107:16:107:Infinity":17,"s:115:8:115:Infinity":55,"b:115:66:115:86:115:86:115:110":22,"s:116:19:116:Infinity":56,"s:117:20:117:Infinity":57,"b:118:2:118:Infinity:undefined:undefined:undefined:undefined":23,"s:118:2:118:Infinity":58,"s:118:18:118:Infinity":59,"s:120:16:120:Infinity":60,"s:121:15:121:Infinity":61,"s:122:25:122:Infinity":62,"b:123:2:125:Infinity:undefined:undefined:undefined:undefined":24,"s:123:2:125:Infinity":63,"s:124:4:124:Infinity":64,"s:127:18:127:Infinity":65,"s:128:18:137:Infinity":66,"s:139:24:139:Infinity":67,"s:140:25:140:Infinity":68,"s:141:38:141:Infinity":69,"s:142:17:142:Infinity":70,"s:143:19:143:Infinity":71,"s:144:20:144:Infinity":72,"s:146:2:196:Infinity":73,"f:146:41:146:42":18,"s:147:18:147:Infinity":74,"s:148:28:148:Infinity":75,"s:149:25:149:Infinity":76,"b:150:4:153:Infinity:undefined:undefined:undefined:undefined":25,"s:150:4:153:Infinity":77,"b:150:8:150:18:150:18:150:38:150:38:150:53":26,"s:151:6:151:Infinity":78,"s:152:6:152:Infinity":79,"s:155:18:155:Infinity":80,"s:156:19:156:Infinity":81,"s:157:26:157:Infinity":82,"s:158:23:158:Infinity":83,"b:158:23:158:58:158:58:158:94:158:94:158:Infinity":27,"s:159:24:159:Infinity":84,"b:159:65:159:92:159:92:159:94":28,"b:161:4:172:Infinity:undefined:undefined:undefined:undefined":29,"s:161:4:172:Infinity":85,"s:162:23:167:Infinity":86,"b:162:23:162:54:162:54:167:Infinity":30,"b:168:6:168:Infinity:undefined:undefined:undefined:undefined":31,"s:168:6:168:Infinity":87,"s:168:50:168:Infinity":88,"b:169:6:169:Infinity:undefined:undefined:undefined:undefined":32,"s:169:6:169:Infinity":89,"b:169:10:169:25:169:25:169:71":33,"s:169:71:169:Infinity":90,"s:170:6:170:Infinity":91,"s:171:6:171:Infinity":92,"s:174:4:174:Infinity":93,"s:175:4:195:Infinity":94,"b:176:60:176:69:176:69:176:78":34,"b:185:17:185:40:185:40:185:Infinity":35,"b:187:20:187:50:187:50:187:Infinity":36,"b:198:2:200:Infinity:undefined:undefined:undefined:undefined":37,"s:198:2:200:Infinity":95,"s:199:4:199:Infinity":96,"b:201:2:203:Infinity:undefined:undefined:undefined:undefined":38,"s:201:2:203:Infinity":97,"s:202:4:202:Infinity":98,"s:205:16:205:Infinity":99,"s:206:8:206:Infinity":100,"s:207:41:218:Infinity":101,"f:214:34:214:35":19,"s:214:48:214:74":102,"s:220:29:220:Infinity":103,"b:221:2:221:Infinity:undefined:undefined:undefined:undefined":39,"s:221:2:221:Infinity":104,"s:221:23:221:Infinity":105,"s:222:28:222:Infinity":106,"f:222:46:222:53":20,"s:222:53:222:72":107,"b:223:2:223:Infinity:undefined:undefined:undefined:undefined":40,"s:223:2:223:Infinity":108,"s:223:29:223:Infinity":109,"s:225:2:229:Infinity":110,"f:226:80:226:92":21,"s:226:92:226:114":111,"f:232:22:232:39":22,"b:233:2:235:Infinity:undefined:undefined:undefined:undefined":41,"s:233:2:235:Infinity":112,"s:234:4:234:Infinity":113,"s:236:17:236:Infinity":114,"s:237:2:237:Infinity":115}}}
,"C:\\Users\\Mike McConnell\\Documents\\mike_apps\\Scheduler 4\\utils\\parking\\parkingService.ts": {"path":"C:\\Users\\Mike McConnell\\Documents\\mike_apps\\Scheduler 4\\utils\\parking\\parkingService.ts","statementMap":{"0":{"start":{"line":25,"column":2},"end":{"line":25,"column":null}},"1":{"start":{"line":29,"column":2},"end":{"line":29,"column":null}},"2":{"start":{"line":33,"column":2},"end":{"line":33,"column":null}},"3":{"start":{"line":37,"column":2},"end":{"line":37,"column":null}},"4":{"start":{"line":41,"column":2},"end":{"line":41,"column":null}},"5":{"start":{"line":45,"column":2},"end":{"line":47,"column":null}},"6":{"start":{"line":46,"column":4},"end":{"line":46,"column":null}},"7":{"start":{"line":51,"column":24},"end":{"line":51,"column":null}},"8":{"start":{"line":52,"column":2},"end":{"line":54,"column":null}},"9":{"start":{"line":53,"column":4},"end":{"line":53,"column":null}},"10":{"start":{"line":56,"column":22},"end":{"line":56,"column":null}},"11":{"start":{"line":57,"column":2},"end":{"line":66,"column":null}},"12":{"start":{"line":70,"column":22},"end":{"line":70,"column":null}},"13":{"start":{"line":71,"column":2},"end":{"line":71,"column":null}},"14":{"start":{"line":71,"column":20},"end":{"line":71,"column":null}},"15":{"start":{"line":72,"column":2},"end":{"line":83,"column":null}},"16":{"start":{"line":87,"column":15},"end":{"line":87,"column":null}},"17":{"start":{"line":88,"column":2},"end":{"line":88,"column":null}},"18":{"start":{"line":92,"column":40},"end":{"line":96,"column":null}},"19":{"start":{"line":97,"column":2},"end":{"line":101,"column":null}},"20":{"start":{"line":102,"column":2},"end":{"line":102,"column":null}},"21":{"start":{"line":106,"column":15},"end":{"line":106,"column":null}},"22":{"start":{"line":107,"column":2},"end":{"line":107,"column":null}},"23":{"start":{"line":107,"column":22},"end":{"line":107,"column":null}},"24":{"start":{"line":108,"column":19},"end":{"line":108,"column":null}},"25":{"start":{"line":109,"column":2},"end":{"line":109,"column":null}},"26":{"start":{"line":109,"column":30},"end":{"line":109,"column":null}},"27":{"start":{"line":111,"column":14},"end":{"line":111,"column":null}},"28":{"start":{"line":112,"column":19},"end":{"line":112,"column":null}},"29":{"start":{"line":113,"column":2},"end":{"line":113,"column":null}},"30":{"start":{"line":113,"column":20},"end":{"line":113,"column":null}},"31":{"start":{"line":114,"column":18},"end":{"line":114,"column":null}},"32":{"start":{"line":115,"column":2},"end":{"line":121,"column":null}},"33":{"start":{"line":130,"column":17},"end":{"line":137,"column":null}},"34":{"start":{"line":131,"column":10},"end":{"line":131,"column":null}},"35":{"start":{"line":132,"column":4},"end":{"line":136,"column":null}},"36":{"start":{"line":138,"column":2},"end":{"line":138,"column":null}},"37":{"start":{"line":147,"column":20},"end":{"line":147,"column":null}},"38":{"start":{"line":148,"column":22},"end":{"line":148,"column":null}},"39":{"start":{"line":149,"column":21},"end":{"line":149,"column":null}},"40":{"start":{"line":150,"column":19},"end":{"line":150,"column":null}},"41":{"start":{"line":151,"column":18},"end":{"line":151,"column":null}},"42":{"start":{"line":153,"column":42},"end":{"line":153,"column":null}},"43":{"start":{"line":154,"column":2},"end":{"line":159,"column":null}},"44":{"start":{"line":155,"column":19},"end":{"line":155,"column":null}},"45":{"start":{"line":156,"column":21},"end":{"line":156,"column":null}},"46":{"start":{"line":157,"column":4},"end":{"line":157,"column":null}},"47":{"start":{"line":157,"column":22},"end":{"line":157,"column":null}},"48":{"start":{"line":158,"column":4},"end":{"line":158,"column":null}},"49":{"start":{"line":161,"column":8},"end":{"line":161,"column":null}},"50":{"start":{"line":162,"column":24},"end":{"line":162,"column":null}},"51":{"start":{"line":163,"column":2},"end":{"line":199,"column":null}},"52":{"start":{"line":164,"column":4},"end":{"line":164,"column":null}},"53":{"start":{"line":165,"column":4},"end":{"line":165,"column":null}},"54":{"start":{"line":167,"column":4},"end":{"line":193,"column":null}},"55":{"start":{"line":168,"column":20},"end":{"line":168,"column":null}},"56":{"start":{"line":169,"column":24},"end":{"line":169,"column":null}},"57":{"start":{"line":170,"column":6},"end":{"line":170,"column":null}},"58":{"start":{"line":171,"column":6},"end":{"line":183,"column":null}},"59":{"start":{"line":184,"column":6},"end":{"line":192,"column":null}},"60":{"start":{"line":195,"column":4},"end":{"line":197,"column":null}},"61":{"start":{"line":196,"column":6},"end":{"line":196,"column":null}},"62":{"start":{"line":196,"column":12},"end":{"line":196,"column":59}},"63":{"start":{"line":198,"column":4},"end":{"line":198,"column":null}},"64":{"start":{"line":201,"column":2},"end":{"line":203,"column":null}},"65":{"start":{"line":202,"column":4},"end":{"line":202,"column":null}},"66":{"start":{"line":202,"column":10},"end":{"line":202,"column":53}},"67":{"start":{"line":205,"column":2},"end":{"line":205,"column":null}}},"fnMap":{"0":{"name":"getParkingDefaultRef","decl":{"start":{"line":24,"column":9},"end":{"line":24,"column":30}},"loc":{"start":{"line":24,"column":46},"end":{"line":26,"column":null}},"line":24},"1":{"name":"getParkingMonthRef","decl":{"start":{"line":28,"column":9},"end":{"line":28,"column":28}},"loc":{"start":{"line":28,"column":59},"end":{"line":30,"column":null}},"line":28},"2":{"name":"getStoragePath","decl":{"start":{"line":32,"column":9},"end":{"line":32,"column":24}},"loc":{"start":{"line":32,"column":67},"end":{"line":34,"column":null}},"line":32},"3":{"name":"buildUploadPayload","decl":{"start":{"line":36,"column":9},"end":{"line":36,"column":28}},"loc":{"start":{"line":36,"column":56},"end":{"line":38,"column":null}},"line":36},"4":{"name":"normalizeParkingStoragePath","decl":{"start":{"line":40,"column":16},"end":{"line":40,"column":44}},"loc":{"start":{"line":40,"column":75},"end":{"line":42,"column":null}},"line":40},"5":{"name":"assertParkingStoragePathUnchanged","decl":{"start":{"line":44,"column":16},"end":{"line":44,"column":50}},"loc":{"start":{"line":44,"column":112},"end":{"line":48,"column":null}},"line":44},"6":{"name":"readParkingSettingsFromDocument","decl":{"start":{"line":50,"column":16},"end":{"line":50,"column":48}},"loc":{"start":{"line":50,"column":108},"end":{"line":67,"column":null}},"line":50},"7":{"name":"readMetadata","decl":{"start":{"line":69,"column":9},"end":{"line":69,"column":22}},"loc":{"start":{"line":69,"column":96},"end":{"line":84,"column":null}},"line":69},"8":{"name":"getParkingSettings","decl":{"start":{"line":86,"column":22},"end":{"line":86,"column":41}},"loc":{"start":{"line":86,"column":83},"end":{"line":89,"column":null}},"line":86},"9":{"name":"saveParkingSettings","decl":{"start":{"line":91,"column":22},"end":{"line":91,"column":42}},"loc":{"start":{"line":91,"column":127},"end":{"line":103,"column":null}},"line":91},"10":{"name":"getParkingData","decl":{"start":{"line":105,"column":22},"end":{"line":105,"column":37}},"loc":{"start":{"line":105,"column":85},"end":{"line":122,"column":null}},"line":105},"11":{"name":"rebuildParkingSummaryWithRules","decl":{"start":{"line":124,"column":16},"end":{"line":124,"column":null}},"loc":{"start":{"line":129,"column":18},"end":{"line":139,"column":null}},"line":129},"12":{"name":"(anonymous_12)","decl":{"start":{"line":130,"column":36},"end":{"line":130,"column":45}},"loc":{"start":{"line":130,"column":45},"end":{"line":137,"column":3}},"line":130},"13":{"name":"saveParkingMonthData","decl":{"start":{"line":141,"column":22},"end":{"line":141,"column":null}},"loc":{"start":{"line":146,"column":27},"end":{"line":206,"column":null}},"line":146},"14":{"name":"(anonymous_14)","decl":{"start":{"line":167,"column":29},"end":{"line":167,"column":35}},"loc":{"start":{"line":167,"column":50},"end":{"line":193,"column":5}},"line":167}},"branchMap":{"0":{"loc":{"start":{"line":41,"column":9},"end":{"line":41,"column":null}},"type":"cond-expr","locations":[{"start":{"line":41,"column":53},"end":{"line":41,"column":68}},{"start":{"line":41,"column":68},"end":{"line":41,"column":null}}],"line":41},"1":{"loc":{"start":{"line":41,"column":9},"end":{"line":41,"column":53}},"type":"binary-expr","locations":[{"start":{"line":41,"column":9},"end":{"line":41,"column":38}},{"start":{"line":41,"column":38},"end":{"line":41,"column":53}}],"line":41},"2":{"loc":{"start":{"line":45,"column":2},"end":{"line":47,"column":null}},"type":"if","locations":[{"start":{"line":45,"column":2},"end":{"line":47,"column":null}},{"start":{},"end":{}}],"line":45},"3":{"loc":{"start":{"line":52,"column":2},"end":{"line":54,"column":null}},"type":"if","locations":[{"start":{"line":52,"column":2},"end":{"line":54,"column":null}},{"start":{},"end":{}}],"line":52},"4":{"loc":{"start":{"line":52,"column":6},"end":{"line":52,"column":59}},"type":"binary-expr","locations":[{"start":{"line":52,"column":6},"end":{"line":52,"column":24}},{"start":{"line":52,"column":24},"end":{"line":52,"column":59}}],"line":52},"5":{"loc":{"start":{"line":58,"column":18},"end":{"line":58,"column":null}},"type":"cond-expr","locations":[{"start":{"line":58,"column":60},"end":{"line":58,"column":87}},{"start":{"line":58,"column":87},"end":{"line":58,"column":null}}],"line":58},"6":{"loc":{"start":{"line":59,"column":19},"end":{"line":59,"column":null}},"type":"cond-expr","locations":[{"start":{"line":59,"column":62},"end":{"line":59,"column":90}},{"start":{"line":59,"column":90},"end":{"line":59,"column":null}}],"line":59},"7":{"loc":{"start":{"line":62,"column":10},"end":{"line":62,"column":null}},"type":"cond-expr","locations":[{"start":{"line":62,"column":79},"end":{"line":62,"column":103}},{"start":{"line":62,"column":103},"end":{"line":62,"column":null}}],"line":62},"8":{"loc":{"start":{"line":62,"column":10},"end":{"line":62,"column":79}},"type":"binary-expr","locations":[{"start":{"line":62,"column":10},"end":{"line":62,"column":55}},{"start":{"line":62,"column":55},"end":{"line":62,"column":79}}],"line":62},"9":{"loc":{"start":{"line":64,"column":15},"end":{"line":64,"column":null}},"type":"cond-expr","locations":[{"start":{"line":64,"column":59},"end":{"line":64,"column":83}},{"start":{"line":64,"column":83},"end":{"line":64,"column":null}}],"line":64},"10":{"loc":{"start":{"line":65,"column":15},"end":{"line":65,"column":null}},"type":"cond-expr","locations":[{"start":{"line":65,"column":59},"end":{"line":65,"column":83}},{"start":{"line":65,"column":83},"end":{"line":65,"column":null}}],"line":65},"11":{"loc":{"start":{"line":71,"column":2},"end":{"line":71,"column":null}},"type":"if","locations":[{"start":{"line":71,"column":2},"end":{"line":71,"column":null}},{"start":{},"end":{}}],"line":71},"12":{"loc":{"start":{"line":73,"column":16},"end":{"line":77,"column":null}},"type":"cond-expr","locations":[{"start":{"line":74,"column":9},"end":{"line":74,"column":null}},{"start":{"line":75,"column":8},"end":{"line":77,"column":null}}],"line":73},"13":{"loc":{"start":{"line":73,"column":16},"end":{"line":73,"column":null}},"type":"binary-expr","locations":[{"start":{"line":73,"column":16},"end":{"line":73,"column":36}},{"start":{"line":73,"column":36},"end":{"line":73,"column":null}}],"line":73},"14":{"loc":{"start":{"line":75,"column":8},"end":{"line":77,"column":null}},"type":"cond-expr","locations":[{"start":{"line":76,"column":10},"end":{"line":76,"column":null}},{"start":{"line":77,"column":10},"end":{"line":77,"column":null}}],"line":75},"15":{"loc":{"start":{"line":78,"column":16},"end":{"line":78,"column":null}},"type":"cond-expr","locations":[{"start":{"line":78,"column":55},"end":{"line":78,"column":73}},{"start":{"line":78,"column":73},"end":{"line":78,"column":null}}],"line":78},"16":{"loc":{"start":{"line":79,"column":23},"end":{"line":79,"column":44}},"type":"binary-expr","locations":[{"start":{"line":79,"column":23},"end":{"line":79,"column":43}},{"start":{"line":79,"column":43},"end":{"line":79,"column":44}}],"line":79},"17":{"loc":{"start":{"line":80,"column":22},"end":{"line":80,"column":42}},"type":"binary-expr","locations":[{"start":{"line":80,"column":22},"end":{"line":80,"column":41}},{"start":{"line":80,"column":41},"end":{"line":80,"column":42}}],"line":80},"18":{"loc":{"start":{"line":81,"column":23},"end":{"line":81,"column":44}},"type":"binary-expr","locations":[{"start":{"line":81,"column":23},"end":{"line":81,"column":43}},{"start":{"line":81,"column":43},"end":{"line":81,"column":44}}],"line":81},"19":{"loc":{"start":{"line":88,"column":41},"end":{"line":88,"column":80}},"type":"cond-expr","locations":[{"start":{"line":88,"column":57},"end":{"line":88,"column":71}},{"start":{"line":88,"column":71},"end":{"line":88,"column":80}}],"line":88},"20":{"loc":{"start":{"line":107,"column":2},"end":{"line":107,"column":null}},"type":"if","locations":[{"start":{"line":107,"column":2},"end":{"line":107,"column":null}},{"start":{},"end":{}}],"line":107},"21":{"loc":{"start":{"line":109,"column":2},"end":{"line":109,"column":null}},"type":"if","locations":[{"start":{"line":109,"column":2},"end":{"line":109,"column":null}},{"start":{},"end":{}}],"line":109},"22":{"loc":{"start":{"line":113,"column":2},"end":{"line":113,"column":null}},"type":"if","locations":[{"start":{"line":113,"column":2},"end":{"line":113,"column":null}},{"start":{},"end":{}}],"line":113},"23":{"loc":{"start":{"line":151,"column":18},"end":{"line":151,"column":null}},"type":"cond-expr","locations":[{"start":{"line":151,"column":38},"end":{"line":151,"column":97}},{"start":{"line":151,"column":97},"end":{"line":151,"column":null}}],"line":151},"24":{"loc":{"start":{"line":154,"column":2},"end":{"line":159,"column":null}},"type":"if","locations":[{"start":{"line":154,"column":2},"end":{"line":159,"column":null}},{"start":{},"end":{}}],"line":154},"25":{"loc":{"start":{"line":157,"column":4},"end":{"line":157,"column":null}},"type":"if","locations":[{"start":{"line":157,"column":4},"end":{"line":157,"column":null}},{"start":{},"end":{}}],"line":157},"26":{"loc":{"start":{"line":169,"column":24},"end":{"line":169,"column":null}},"type":"cond-expr","locations":[{"start":{"line":169,"column":41},"end":{"line":169,"column":97}},{"start":{"line":169,"column":97},"end":{"line":169,"column":null}}],"line":169},"27":{"loc":{"start":{"line":180,"column":21},"end":{"line":180,"column":null}},"type":"binary-expr","locations":[{"start":{"line":180,"column":21},"end":{"line":180,"column":43}},{"start":{"line":180,"column":30},"end":{"line":180,"column":null}}],"line":180},"28":{"loc":{"start":{"line":181,"column":21},"end":{"line":181,"column":null}},"type":"binary-expr","locations":[{"start":{"line":181,"column":21},"end":{"line":181,"column":43}},{"start":{"line":181,"column":43},"end":{"line":181,"column":null}}],"line":181},"29":{"loc":{"start":{"line":195,"column":4},"end":{"line":197,"column":null}},"type":"if","locations":[{"start":{"line":195,"column":4},"end":{"line":197,"column":null}},{"start":{},"end":{}}],"line":195},"30":{"loc":{"start":{"line":201,"column":2},"end":{"line":203,"column":null}},"type":"if","locations":[{"start":{"line":201,"column":2},"end":{"line":203,"column":null}},{"start":{},"end":{}}],"line":201},"31":{"loc":{"start":{"line":201,"column":6},"end":{"line":201,"column":42}},"type":"binary-expr","locations":[{"start":{"line":201,"column":6},"end":{"line":201,"column":17}},{"start":{"line":201,"column":17},"end":{"line":201,"column":42}}],"line":201}},"s":{"0":10,"1":2,"2":4,"3":3,"4":9,"5":5,"6":2,"7":2,"8":2,"9":1,"10":1,"11":1,"12":3,"13":3,"14":1,"15":2,"16":1,"17":1,"18":1,"19":1,"20":1,"21":4,"22":4,"23":1,"24":3,"25":3,"26":1,"27":2,"28":2,"29":2,"30":1,"31":1,"32":1,"33":1,"34":1,"35":1,"36":1,"37":4,"38":4,"39":4,"40":4,"41":4,"42":4,"43":4,"44":2,"45":2,"46":2,"47":1,"48":1,"49":3,"50":3,"51":3,"52":3,"53":3,"54":3,"55":3,"56":3,"57":3,"58":3,"59":3,"60":1,"61":1,"62":1,"63":1,"64":2,"65":1,"66":1,"67":2},"f":{"0":10,"1":2,"2":4,"3":3,"4":9,"5":5,"6":2,"7":3,"8":1,"9":1,"10":4,"11":1,"12":1,"13":4,"14":3},"b":{"0":[7,2],"1":[9,9],"2":[2,3],"3":[1,1],"4":[2,1],"5":[1,0],"6":[1,0],"7":[1,0],"8":[2,1],"9":[1,0],"10":[1,0],"11":[1,2],"12":[1,1],"13":[2,1],"14":[0,1],"15":[1,1],"16":[3,1],"17":[3,1],"18":[3,1],"19":[1,0],"20":[1,3],"21":[1,2],"22":[1,1],"23":[2,2],"24":[2,2],"25":[1,1],"26":[2,1],"27":[3,2],"28":[3,2],"29":[1,0],"30":[1,1],"31":[2,1]},"meta":{"lastBranch":32,"lastFunction":15,"lastStatement":68,"seen":{"f:24:9:24:30":0,"s:25:2:25:Infinity":0,"f:28:9:28:28":1,"s:29:2:29:Infinity":1,"f:32:9:32:24":2,"s:33:2:33:Infinity":2,"f:36:9:36:28":3,"s:37:2:37:Infinity":3,"f:40:16:40:44":4,"s:41:2:41:Infinity":4,"b:41:53:41:68:41:68:41:Infinity":0,"b:41:9:41:38:41:38:41:53":1,"f:44:16:44:50":5,"b:45:2:47:Infinity:undefined:undefined:undefined:undefined":2,"s:45:2:47:Infinity":5,"s:46:4:46:Infinity":6,"f:50:16:50:48":6,"s:51:24:51:Infinity":7,"b:52:2:54:Infinity:undefined:undefined:undefined:undefined":3,"s:52:2:54:Infinity":8,"b:52:6:52:24:52:24:52:59":4,"s:53:4:53:Infinity":9,"s:56:22:56:Infinity":10,"s:57:2:66:Infinity":11,"b:58:60:58:87:58:87:58:Infinity":5,"b:59:62:59:90:59:90:59:Infinity":6,"b:62:79:62:103:62:103:62:Infinity":7,"b:62:10:62:55:62:55:62:79":8,"b:64:59:64:83:64:83:64:Infinity":9,"b:65:59:65:83:65:83:65:Infinity":10,"f:69:9:69:22":7,"s:70:22:70:Infinity":12,"b:71:2:71:Infinity:undefined:undefined:undefined:undefined":11,"s:71:2:71:Infinity":13,"s:71:20:71:Infinity":14,"s:72:2:83:Infinity":15,"b:74:9:74:Infinity:75:8:77:Infinity":12,"b:73:16:73:36:73:36:73:Infinity":13,"b:76:10:76:Infinity:77:10:77:Infinity":14,"b:78:55:78:73:78:73:78:Infinity":15,"b:79:23:79:43:79:43:79:44":16,"b:80:22:80:41:80:41:80:42":17,"b:81:23:81:43:81:43:81:44":18,"f:86:22:86:41":8,"s:87:15:87:Infinity":16,"s:88:2:88:Infinity":17,"b:88:57:88:71:88:71:88:80":19,"f:91:22:91:42":9,"s:92:40:96:Infinity":18,"s:97:2:101:Infinity":19,"s:102:2:102:Infinity":20,"f:105:22:105:37":10,"s:106:15:106:Infinity":21,"b:107:2:107:Infinity:undefined:undefined:undefined:undefined":20,"s:107:2:107:Infinity":22,"s:107:22:107:Infinity":23,"s:108:19:108:Infinity":24,"b:109:2:109:Infinity:undefined:undefined:undefined:undefined":21,"s:109:2:109:Infinity":25,"s:109:30:109:Infinity":26,"s:111:14:111:Infinity":27,"s:112:19:112:Infinity":28,"b:113:2:113:Infinity:undefined:undefined:undefined:undefined":22,"s:113:2:113:Infinity":29,"s:113:20:113:Infinity":30,"s:114:18:114:Infinity":31,"s:115:2:121:Infinity":32,"f:124:16:124:Infinity":11,"s:130:17:137:Infinity":33,"f:130:36:130:45":12,"s:131:10:131:Infinity":34,"s:132:4:136:Infinity":35,"s:138:2:138:Infinity":36,"f:141:22:141:Infinity":13,"s:147:20:147:Infinity":37,"s:148:22:148:Infinity":38,"s:149:21:149:Infinity":39,"s:150:19:150:Infinity":40,"s:151:18:151:Infinity":41,"b:151:38:151:97:151:97:151:Infinity":23,"s:153:42:153:Infinity":42,"b:154:2:159:Infinity:undefined:undefined:undefined:undefined":24,"s:154:2:159:Infinity":43,"s:155:19:155:Infinity":44,"s:156:21:156:Infinity":45,"b:157:4:157:Infinity:undefined:undefined:undefined:undefined":25,"s:157:4:157:Infinity":46,"s:157:22:157:Infinity":47,"s:158:4:158:Infinity":48,"s:161:8:161:Infinity":49,"s:162:24:162:Infinity":50,"s:163:2:199:Infinity":51,"s:164:4:164:Infinity":52,"s:165:4:165:Infinity":53,"s:167:4:193:Infinity":54,"f:167:29:167:35":14,"s:168:20:168:Infinity":55,"s:169:24:169:Infinity":56,"b:169:41:169:97:169:97:169:Infinity":26,"s:170:6:170:Infinity":57,"s:171:6:183:Infinity":58,"b:180:21:180:43:180:30:180:Infinity":27,"b:181:21:181:43:181:43:181:Infinity":28,"s:184:6:192:Infinity":59,"b:195:4:197:Infinity:undefined:undefined:undefined:undefined":29,"s:195:4:197:Infinity":60,"s:196:6:196:Infinity":61,"s:196:12:196:59":62,"s:198:4:198:Infinity":63,"b:201:2:203:Infinity:undefined:undefined:undefined:undefined":30,"s:201:2:203:Infinity":64,"b:201:6:201:17:201:17:201:42":31,"s:202:4:202:Infinity":65,"s:202:10:202:53":66,"s:205:2:205:Infinity":67}}}
,"C:\\Users\\Mike McConnell\\Documents\\mike_apps\\Scheduler 4\\utils\\parking\\parkingTypes.ts": {"path":"C:\\Users\\Mike McConnell\\Documents\\mike_apps\\Scheduler 4\\utils\\parking\\parkingTypes.ts","statementMap":{"0":{"start":{"line":1,"column":38},"end":{"line":1,"column":null}},"1":{"start":{"line":144,"column":67},"end":{"line":156,"column":null}},"2":{"start":{"line":158,"column":57},"end":{"line":183,"column":null}}},"fnMap":{},"branchMap":{},"s":{"0":2,"1":2,"2":2},"f":{},"b":{},"meta":{"lastBranch":0,"lastFunction":0,"lastStatement":3,"seen":{"s:1:38:1:Infinity":0,"s:144:67:156:Infinity":1,"s:158:57:183:Infinity":2}}}
}
